{"meta": {"format": 3, "version": "7.11.3", "timestamp": "2026-02-10T10:03:40.237448", "branch_coverage": false, "show_contexts": false}, "files": {"core/__init__.py": {"executed_lines": [1, 3, 4, 6], "summary": {"covered_lines": 3, "num_statements": 3, "percent_covered": 100.0, "percent_covered_display": "100", "missing_lines": 0, "excluded_lines": 0}, "missing_lines": [], "excluded_lines": [], "functions": {"": {"executed_lines": [1, 3, 4, 6], "summary": {"covered_lines": 3, "num_statements": 3, "percent_covered": 100.0, "percent_covered_display": "100", "missing_lines": 0, "excluded_lines": 0}, "missing_lines": [], "excluded_lines": []}}, "classes": {"": {"executed_lines": [1, 3, 4, 6], "summary": {"covered_lines": 3, "num_statements": 3, "percent_covered": 100.0, "percent_covered_display": "100", "missing_lines": 0, "excluded_lines": 0}, "missing_lines": [], "excluded_lines": []}}}, "core/backup_manager.py": {"executed_lines": [1, 8, 10, 11, 12, 13, 14, 15, 18, 19, 20, 23, 24, 25, 28, 29, 36, 43, 47, 48, 50, 72, 73, 76, 77, 78, 79, 80, 82, 84, 86, 88, 91, 94, 95, 97, 104, 134, 135, 138, 139, 140, 146, 149, 150, 153, 155, 157, 158, 162, 163, 164, 165, 166, 169, 170, 173, 177, 178, 182, 186, 189, 190, 191, 194, 195, 196, 197, 200, 201, 202, 204, 205, 206, 207, 209, 211, 214, 215, 216, 217, 221, 232, 238, 241, 242, 244, 245, 248, 251, 256, 258, 275, 276, 277, 279, 300, 301, 302, 303, 306, 307, 310, 313, 314, 316, 317, 320, 324, 327, 328, 330, 338, 340, 342, 351, 356, 361, 373, 375, 376, 378, 381, 382, 385, 386, 393, 394, 396, 408, 409, 411, 425, 426, 428, 430, 432, 433, 434, 437, 439, 449, 452, 453, 456, 457, 459, 463, 467, 477, 479, 483, 484, 486, 488, 489, 490, 492, 505, 507, 510, 512, 513, 514, 516, 518, 527, 537, 538, 540, 545, 561, 562, 565, 579, 580], "summary": {"covered_lines": 172, "num_statements": 206, "percent_covered": 83.49514563106796, "percent_covered_display": "83", "missing_lines": 34, "excluded_lines": 0}, "missing_lines": [44, 45, 99, 100, 101, 102, 174, 268, 270, 271, 272, 336, 337, 352, 358, 359, 387, 388, 389, 390, 403, 405, 435, 464, 465, 480, 519, 521, 522, 523, 524, 525, 541, 542], "excluded_lines": [], "functions": {"BackupManager.__init__": {"executed_lines": [43, 47, 48], "summary": {"covered_lines": 3, "num_statements": 5, "percent_covered": 60.0, "percent_covered_display": "60", "missing_lines": 2, "excluded_lines": 0}, "missing_lines": [44, 45], "excluded_lines": []}, "BackupManager.create_backup": {"executed_lines": [72, 73, 76, 77, 78, 79, 80, 82, 84, 86, 88, 91, 94, 95, 97], "summary": {"covered_lines": 15, "num_statements": 19, "percent_covered": 78.94736842105263, "percent_covered_display": "79", "missing_lines": 4, "excluded_lines": 0}, "missing_lines": [99, 100, 101, 102], "excluded_lines": []}, "BackupManager.restore_backup": {"executed_lines": [134, 135, 138, 139, 140, 146, 149, 150, 153, 155, 157, 158, 162, 163, 164, 165, 166, 169, 170, 173, 177, 178, 182, 186, 189, 190, 191, 194, 195, 196, 197, 200, 201, 202, 204, 205, 206, 207, 209, 211, 214, 215, 216, 217, 221, 232, 238, 241, 242, 244, 245, 248, 251, 256, 258, 275, 276, 277], "summary": {"covered_lines": 58, "num_statements": 63, "percent_covered": 92.06349206349206, "percent_covered_display": "92", "missing_lines": 5, "excluded_lines": 0}, "missing_lines": [174, 268, 270, 271, 272], "excluded_lines": []}, "BackupManager.validate_integrity": {"executed_lines": [300, 301, 302, 303, 306, 307, 310, 313, 314, 316, 317, 320, 324, 327, 328, 330, 338, 340, 342, 351, 356], "summary": {"covered_lines": 21, "num_statements": 26, "percent_covered": 80.76923076923077, "percent_covered_display": "81", "missing_lines": 5, "excluded_lines": 0}, "missing_lines": [336, 337, 352, 358, 359], "excluded_lines": []}, "BackupManager.list_backups": {"executed_lines": [373, 375, 376, 378, 381, 382, 385, 386, 393, 394, 396, 408, 409], "summary": {"covered_lines": 13, "num_statements": 19, "percent_covered": 68.42105263157895, "percent_covered_display": "68", "missing_lines": 6, "excluded_lines": 0}, "missing_lines": [387, 388, 389, 390, 403, 405], "excluded_lines": []}, "BackupManager.get_backup_path": {"executed_lines": [425, 426, 428, 430, 432, 433, 434, 437], "summary": {"covered_lines": 8, "num_statements": 9, "percent_covered": 88.88888888888889, "percent_covered_display": "89", "missing_lines": 1, "excluded_lines": 0}, "missing_lines": [435], "excluded_lines": []}, "BackupManager._validate_database": {"executed_lines": [449, 452, 453, 456, 457, 459, 463], "summary": {"covered_lines": 7, "num_statements": 9, "percent_covered": 77.77777777777777, "percent_covered_display": "78", "missing_lines": 2, "excluded_lines": 0}, "missing_lines": [464, 465], "excluded_lines": []}, "BackupManager._validate_backup_file": {"executed_lines": [477, 479, 483, 484, 486, 488, 489, 490], "summary": {"covered_lines": 8, "num_statements": 9, "percent_covered": 88.88888888888889, "percent_covered_display": "89", "missing_lines": 1, "excluded_lines": 0}, "missing_lines": [480], "excluded_lines": []}, "BackupManager._decompress_backup": {"executed_lines": [505, 507, 510, 512, 513, 514, 516, 518], "summary": {"covered_lines": 8, "num_statements": 14, "percent_covered": 57.142857142857146, "percent_covered_display": "57", "missing_lines": 6, "excluded_lines": 0}, "missing_lines": [519, 521, 522, 523, 524, 525], "excluded_lines": []}, "BackupManager._get_uncompressed_size": {"executed_lines": [537, 538, 540], "summary": {"covered_lines": 3, "num_statements": 5, "percent_covered": 60.0, "percent_covered_display": "60", "missing_lines": 2, "excluded_lines": 0}, "missing_lines": [541, 542], "excluded_lines": []}, "create_backup": {"executed_lines": [561, 562], "summary": {"covered_lines": 2, "num_statements": 2, "percent_covered": 100.0, "percent_covered_display": "100", "missing_lines": 0, "excluded_lines": 0}, "missing_lines": [], "excluded_lines": []}, "get_backup_path": {"executed_lines": [579, 580], "summary": {"covered_lines": 2, "num_statements": 2, "percent_covered": 100.0, "percent_covered_display": "100", "missing_lines": 0, "excluded_lines": 0}, "missing_lines": [], "excluded_lines": []}, "": {"executed_lines": [1, 8, 10, 11, 12, 13, 14, 15, 18, 19, 20, 23, 24, 25, 28, 29, 36, 50, 104, 279, 361, 411, 439, 467, 492, 527, 545, 565], "summary": {"covered_lines": 24, "num_statements": 24, "percent_covered": 100.0, "percent_covered_display": "100", "missing_lines": 0, "excluded_lines": 0}, "missing_lines": [], "excluded_lines": []}}, "classes": {"BackupError": {"executed_lines": [], "summary": {"covered_lines": 0, "num_statements": 0, "percent_covered": 100.0, "percent_covered_display": "100", "missing_lines": 0, "excluded_lines": 0}, "missing_lines": [], "excluded_lines": []}, "IntegrityError": {"executed_lines": [], "summary": {"covered_lines": 0, "num_statements": 0, "percent_covered": 100.0, "percent_covered_display": "100", "missing_lines": 0, "excluded_lines": 0}, "missing_lines": [], "excluded_lines": []}, "BackupManager": {"executed_lines": [43, 47, 48, 72, 73, 76, 77, 78, 79, 80, 82, 84, 86, 88, 91, 94, 95, 97, 134, 135, 138, 139, 140, 146, 149, 150, 153, 155, 157, 158, 162, 163, 164, 165, 166, 169, 170, 173, 177, 178, 182, 186, 189, 190, 191, 194, 195, 196, 197, 200, 201, 202, 204, 205, 206, 207, 209, 211, 214, 215, 216, 217, 221, 232, 238, 241, 242, 244, 245, 248, 251, 256, 258, 275, 276, 277, 300, 301, 302, 303, 306, 307, 310, 313, 314, 316, 317, 320, 324, 327, 328, 330, 338, 340, 342, 351, 356, 373, 375, 376, 378, 381, 382, 385, 386, 393, 394, 396, 408, 409, 425, 426, 428, 430, 432, 433, 434, 437, 449, 452, 453, 456, 457, 459, 463, 477, 479, 483, 484, 486, 488, 489, 490, 505, 507, 510, 512, 513, 514, 516, 518, 537, 538, 540], "summary": {"covered_lines": 144, "num_statements": 178, "percent_covered": 80.89887640449439, "percent_covered_display": "81", "missing_lines": 34, "excluded_lines": 0}, "missing_lines": [44, 45, 99, 100, 101, 102, 174, 268, 270, 271, 272, 336, 337, 352, 358, 359, 387, 388, 389, 390, 403, 405, 435, 464, 465, 480, 519, 521, 522, 523, 524, 525, 541, 542], "excluded_lines": []}, "": {"executed_lines": [1, 8, 10, 11, 12, 13, 14, 15, 18, 19, 20, 23, 24, 25, 28, 29, 36, 50, 104, 279, 361, 411, 439, 467, 492, 527, 545, 561, 562, 565, 579, 580], "summary": {"covered_lines": 28, "num_statements": 28, "percent_covered": 100.0, "percent_covered_display": "100", "missing_lines": 0, "excluded_lines": 0}, "missing_lines": [], "excluded_lines": []}}}, "core/checkout_manager.py": {"executed_lines": [1, 2, 3, 4, 5, 6, 7, 8, 11, 14, 15, 17, 19, 20, 22, 44, 46, 48, 49, 50, 52, 55, 58, 59, 62, 63, 66, 67, 71, 72, 78, 80, 81, 82, 87, 89, 91, 99, 110, 113, 114, 117, 121, 122, 123, 124, 125, 126, 129, 130, 132, 134, 139, 146, 147, 148, 149, 150, 151, 153, 156, 157, 158, 159, 160, 161, 165, 173, 175, 176, 178, 179, 181, 182, 186, 187, 188, 190, 191, 194, 195, 196, 200, 201, 202, 203, 205, 207, 209, 210, 211, 212, 213, 214, 215, 216, 217, 218, 220, 249, 263, 264, 265, 267, 270, 271, 272, 273, 274, 283, 284, 285, 288, 293], "summary": {"covered_lines": 112, "num_statements": 149, "percent_covered": 75.16778523489933, "percent_covered_display": "75", "missing_lines": 37, "excluded_lines": 0}, "missing_lines": [92, 94, 95, 96, 97, 118, 136, 137, 162, 163, 183, 184, 189, 197, 198, 222, 223, 225, 226, 227, 228, 231, 232, 234, 236, 237, 238, 240, 241, 242, 243, 244, 245, 246, 247, 275, 278], "excluded_lines": [], "functions": {"CheckoutManager.__init__": {"executed_lines": [19, 20], "summary": {"covered_lines": 2, "num_statements": 2, "percent_covered": 100.0, "percent_covered_display": "100", "missing_lines": 0, "excluded_lines": 0}, "missing_lines": [], "excluded_lines": []}, "CheckoutManager.checkout_file": {"executed_lines": [44, 46, 48, 49, 50, 52, 55, 58, 59, 62, 63, 66, 67, 71, 72, 78, 80, 81, 82, 87, 89, 91], "summary": {"covered_lines": 22, "num_statements": 27, "percent_covered": 81.48148148148148, "percent_covered_display": "81", "missing_lines": 5, "excluded_lines": 0}, "missing_lines": [92, 94, 95, 96, 97], "excluded_lines": []}, "CheckoutManager._recompose_from_sections": {"executed_lines": [110, 113, 114, 117, 121, 122, 123, 124, 125, 126, 129, 130, 132], "summary": {"covered_lines": 13, "num_statements": 14, "percent_covered": 92.85714285714286, "percent_covered_display": "93", "missing_lines": 1, "excluded_lines": 0}, "missing_lines": [118], "excluded_lines": []}, "CheckoutManager._recompose_script": {"executed_lines": [], "summary": {"covered_lines": 0, "num_statements": 2, "percent_covered": 0.0, "percent_covered_display": "0", "missing_lines": 2, "excluded_lines": 0}, "missing_lines": [136, 137], "excluded_lines": []}, "CheckoutManager._rollback_deployment": {"executed_lines": [146, 147, 148, 149, 150, 151, 153, 156, 157, 158, 159, 160, 161], "summary": {"covered_lines": 13, "num_statements": 15, "percent_covered": 86.66666666666667, "percent_covered_display": "87", "missing_lines": 2, "excluded_lines": 0}, "missing_lines": [162, 163], "excluded_lines": []}, "CheckoutManager._deploy_related_files": {"executed_lines": [173, 175, 176, 178, 179, 181, 182, 186, 187, 188, 190, 191, 194, 195, 196, 200, 201, 202, 203, 205], "summary": {"covered_lines": 20, "num_statements": 25, "percent_covered": 80.0, "percent_covered_display": "80", "missing_lines": 5, "excluded_lines": 0}, "missing_lines": [183, 184, 189, 197, 198], "excluded_lines": []}, "CheckoutManager._find_plugin_related_paths": {"executed_lines": [209, 210, 211, 212, 213, 214, 215, 216, 217, 218], "summary": {"covered_lines": 10, "num_statements": 10, "percent_covered": 100.0, "percent_covered_display": "100", "missing_lines": 0, "excluded_lines": 0}, "missing_lines": [], "excluded_lines": []}, "CheckoutManager._find_hook_related_paths": {"executed_lines": [], "summary": {"covered_lines": 0, "num_statements": 20, "percent_covered": 0.0, "percent_covered_display": "0", "missing_lines": 20, "excluded_lines": 0}, "missing_lines": [222, 223, 225, 226, 227, 228, 231, 232, 234, 236, 237, 238, 240, 241, 242, 243, 244, 245, 246, 247], "excluded_lines": []}, "CheckoutManager.checkin": {"executed_lines": [263, 264, 265, 267, 270, 271, 272, 273, 274, 283, 284, 285, 288, 293], "summary": {"covered_lines": 14, "num_statements": 16, "percent_covered": 87.5, "percent_covered_display": "88", "missing_lines": 2, "excluded_lines": 0}, "missing_lines": [275, 278], "excluded_lines": []}, "": {"executed_lines": [1, 2, 3, 4, 5, 6, 7, 8, 11, 14, 15, 17, 22, 99, 134, 139, 165, 207, 220, 249], "summary": {"covered_lines": 18, "num_statements": 18, "percent_covered": 100.0, "percent_covered_display": "100", "missing_lines": 0, "excluded_lines": 0}, "missing_lines": [], "excluded_lines": []}}, "classes": {"CheckoutManager": {"executed_lines": [19, 20, 44, 46, 48, 49, 50, 52, 55, 58, 59, 62, 63, 66, 67, 71, 72, 78, 80, 81, 82, 87, 89, 91, 110, 113, 114, 117, 121, 122, 123, 124, 125, 126, 129, 130, 132, 146, 147, 148, 149, 150, 151, 153, 156, 157, 158, 159, 160, 161, 173, 175, 176, 178, 179, 181, 182, 186, 187, 188, 190, 191, 194, 195, 196, 200, 201, 202, 203, 205, 209, 210, 211, 212, 213, 214, 215, 216, 217, 218, 263, 264, 265, 267, 270, 271, 272, 273, 274, 283, 284, 285, 288, 293], "summary": {"covered_lines": 94, "num_statements": 131, "percent_covered": 71.7557251908397, "percent_covered_display": "72", "missing_lines": 37, "excluded_lines": 0}, "missing_lines": [92, 94, 95, 96, 97, 118, 136, 137, 162, 163, 183, 184, 189, 197, 198, 222, 223, 225, 226, 227, 228, 231, 232, 234, 236, 237, 238, 240, 241, 242, 243, 244, 245, 246, 247, 275, 278], "excluded_lines": []}, "": {"executed_lines": [1, 2, 3, 4, 5, 6, 7, 8, 11, 14, 15, 17, 22, 99, 134, 139, 165, 207, 220, 249], "summary": {"covered_lines": 18, "num_statements": 18, "percent_covered": 100.0, "percent_covered_display": "100", "missing_lines": 0, "excluded_lines": 0}, "missing_lines": [], "excluded_lines": []}}}, "core/database.py": {"executed_lines": [1, 8, 10, 11, 12, 14, 17, 18, 25, 32, 33, 34, 36, 37, 41, 42, 43, 44, 45, 47, 51, 52, 54, 58, 59, 60, 62, 69, 70, 72, 86, 105, 108, 111, 114, 119, 131, 139, 141, 160, 161, 164, 178, 182, 183, 186, 189, 192, 194, 195, 197, 215, 216, 235, 238, 239, 242, 246, 248, 265, 269, 270, 271, 272, 277, 278, 279, 281, 291, 293, 298, 323, 335, 336, 339, 346, 348, 351, 352, 360, 370, 373, 375, 377, 387, 388, 390, 400, 402, 403, 405, 416, 429, 430, 432, 440, 442, 443, 445, 447, 457, 459, 461, 471, 472, 475, 477, 479, 487, 490, 491, 492, 494, 495, 497, 498, 499, 501, 503, 567, 583, 584, 587, 611, 623, 624, 637, 639, 640, 668, 669, 672, 674, 675, 677, 681, 682, 684, 686, 687, 690, 692, 695, 698, 699, 700, 701, 706, 709, 711, 713, 737, 740, 741, 743, 744, 746, 748, 761, 774, 775, 777, 790, 791, 794, 795, 800, 803, 810, 813, 822, 823, 825, 850, 871, 872, 875, 876, 877, 880, 883, 889, 890, 891, 892, 895, 897, 899, 915], "summary": {"covered_lines": 187, "num_statements": 218, "percent_covered": 85.77981651376147, "percent_covered_display": "86", "missing_lines": 31, "excluded_lines": 0}, "missing_lines": [294, 296, 310, 349, 519, 520, 523, 531, 533, 534, 537, 551, 553, 554, 556, 589, 593, 594, 595, 596, 598, 625, 635, 796, 815, 835, 836, 838, 848, 913, 928], "excluded_lines": [], "functions": {"DatabaseStore.__init__": {"executed_lines": [32, 33, 34], "summary": {"covered_lines": 3, "num_statements": 3, "percent_covered": 100.0, "percent_covered_display": "100", "missing_lines": 0, "excluded_lines": 0}, "missing_lines": [], "excluded_lines": []}, "DatabaseStore.conn": {"executed_lines": [41, 42, 43, 44, 45], "summary": {"covered_lines": 5, "num_statements": 5, "percent_covered": 100.0, "percent_covered_display": "100", "missing_lines": 0, "excluded_lines": 0}, "missing_lines": [], "excluded_lines": []}, "DatabaseStore.__enter__": {"executed_lines": [51, 52], "summary": {"covered_lines": 2, "num_statements": 2, "percent_covered": 100.0, "percent_covered_display": "100", "missing_lines": 0, "excluded_lines": 0}, "missing_lines": [], "excluded_lines": []}, "DatabaseStore.__exit__": {"executed_lines": [58, 59, 60], "summary": {"covered_lines": 3, "num_statements": 3, "percent_covered": 100.0, "percent_covered_display": "100", "missing_lines": 0, "excluded_lines": 0}, "missing_lines": [], "excluded_lines": []}, "DatabaseStore._create_schema": {"executed_lines": [69, 70, 72, 86, 105, 108, 111, 114, 119, 131, 139], "summary": {"covered_lines": 11, "num_statements": 11, "percent_covered": 100.0, "percent_covered_display": "100", "missing_lines": 0, "excluded_lines": 0}, "missing_lines": [], "excluded_lines": []}, "DatabaseStore.store_file": {"executed_lines": [160, 161, 164, 178, 182, 183, 186, 189, 192, 194, 195], "summary": {"covered_lines": 11, "num_statements": 11, "percent_covered": 100.0, "percent_covered_display": "100", "missing_lines": 0, "excluded_lines": 0}, "missing_lines": [], "excluded_lines": []}, "DatabaseStore._store_sections": {"executed_lines": [215, 216, 235, 238, 239, 242, 246], "summary": {"covered_lines": 7, "num_statements": 7, "percent_covered": 100.0, "percent_covered_display": "100", "missing_lines": 0, "excluded_lines": 0}, "missing_lines": [], "excluded_lines": []}, "DatabaseStore._sync_section_fts": {"executed_lines": [265, 269, 270, 271, 272, 277, 278, 279], "summary": {"covered_lines": 8, "num_statements": 8, "percent_covered": 100.0, "percent_covered_display": "100", "missing_lines": 0, "excluded_lines": 0}, "missing_lines": [], "excluded_lines": []}, "DatabaseStore._ensure_fts_sync": {"executed_lines": [291, 293], "summary": {"covered_lines": 2, "num_statements": 4, "percent_covered": 50.0, "percent_covered_display": "50", "missing_lines": 2, "excluded_lines": 0}, "missing_lines": [294, 296], "excluded_lines": []}, "DatabaseStore._sync_single_section_fts": {"executed_lines": [], "summary": {"covered_lines": 0, "num_statements": 1, "percent_covered": 0.0, "percent_covered_display": "0", "missing_lines": 1, "excluded_lines": 0}, "missing_lines": [310], "excluded_lines": []}, "DatabaseStore.get_file": {"executed_lines": [335, 336, 339, 346, 348, 351, 352, 360, 370, 373, 375], "summary": {"covered_lines": 11, "num_statements": 12, "percent_covered": 91.66666666666667, "percent_covered_display": "92", "missing_lines": 1, "excluded_lines": 0}, "missing_lines": [349], "excluded_lines": []}, "DatabaseStore.get_section": {"executed_lines": [387, 388, 390, 400, 402, 403, 405], "summary": {"covered_lines": 7, "num_statements": 7, "percent_covered": 100.0, "percent_covered_display": "100", "missing_lines": 0, "excluded_lines": 0}, "missing_lines": [], "excluded_lines": []}, "DatabaseStore.get_section_tree": {"executed_lines": [429, 430, 432, 440, 442, 443, 445, 447, 457, 459], "summary": {"covered_lines": 10, "num_statements": 10, "percent_covered": 100.0, "percent_covered_display": "100", "missing_lines": 0, "excluded_lines": 0}, "missing_lines": [], "excluded_lines": []}, "DatabaseStore._build_section_tree": {"executed_lines": [471, 472, 475, 477, 479, 487, 490, 491, 492, 494, 495, 497, 498, 499, 501], "summary": {"covered_lines": 15, "num_statements": 15, "percent_covered": 100.0, "percent_covered_display": "100", "missing_lines": 0, "excluded_lines": 0}, "missing_lines": [], "excluded_lines": []}, "DatabaseStore.get_next_section": {"executed_lines": [], "summary": {"covered_lines": 0, "num_statements": 11, "percent_covered": 0.0, "percent_covered_display": "0", "missing_lines": 11, "excluded_lines": 0}, "missing_lines": [519, 520, 523, 531, 533, 534, 537, 551, 553, 554, 556], "excluded_lines": []}, "DatabaseStore.search_sections": {"executed_lines": [583, 584, 587, 611, 623, 624, 637], "summary": {"covered_lines": 7, "num_statements": 15, "percent_covered": 46.666666666666664, "percent_covered_display": "47", "missing_lines": 8, "excluded_lines": 0}, "missing_lines": [589, 593, 594, 595, 596, 598, 625, 635], "excluded_lines": []}, "DatabaseStore.preprocess_fts5_query": {"executed_lines": [668, 669, 672, 674, 675, 677, 681, 682, 684, 686, 687, 690, 692, 695, 698, 699, 700, 701, 706, 709, 711], "summary": {"covered_lines": 21, "num_statements": 21, "percent_covered": 100.0, "percent_covered_display": "100", "missing_lines": 0, "excluded_lines": 0}, "missing_lines": [], "excluded_lines": []}, "DatabaseStore.search_sections_with_rank": {"executed_lines": [737, 740, 741, 743, 744, 746, 748, 761, 774, 775], "summary": {"covered_lines": 10, "num_statements": 10, "percent_covered": 100.0, "percent_covered_display": "100", "missing_lines": 0, "excluded_lines": 0}, "missing_lines": [], "excluded_lines": []}, "DatabaseStore.delete_file": {"executed_lines": [790, 791, 794, 795, 800, 803, 810, 813, 822, 823], "summary": {"covered_lines": 10, "num_statements": 12, "percent_covered": 83.33333333333333, "percent_covered_display": "83", "missing_lines": 2, "excluded_lines": 0}, "missing_lines": [796, 815], "excluded_lines": []}, "DatabaseStore.list_files_by_prefix": {"executed_lines": [], "summary": {"covered_lines": 0, "num_statements": 4, "percent_covered": 0.0, "percent_covered_display": "0", "missing_lines": 4, "excluded_lines": 0}, "missing_lines": [835, 836, 838, 848], "excluded_lines": []}, "DatabaseStore.batch_generate_embeddings": {"executed_lines": [871, 872, 875, 880, 883, 889, 890, 891, 892, 895, 897], "summary": {"covered_lines": 11, "num_statements": 11, "percent_covered": 100.0, "percent_covered_display": "100", "missing_lines": 0, "excluded_lines": 0}, "missing_lines": [], "excluded_lines": []}, "DatabaseStore.batch_generate_embeddings.progress_callback": {"executed_lines": [876, 877], "summary": {"covered_lines": 2, "num_statements": 2, "percent_covered": 100.0, "percent_covered_display": "100", "missing_lines": 0, "excluded_lines": 0}, "missing_lines": [], "excluded_lines": []}, "DatabaseStore._has_embedding": {"executed_lines": [], "summary": {"covered_lines": 0, "num_statements": 1, "percent_covered": 0.0, "percent_covered_display": "0", "missing_lines": 1, "excluded_lines": 0}, "missing_lines": [913], "excluded_lines": []}, "DatabaseStore._store_embedding": {"executed_lines": [], "summary": {"covered_lines": 0, "num_statements": 1, "percent_covered": 0.0, "percent_covered_display": "0", "missing_lines": 1, "excluded_lines": 0}, "missing_lines": [928], "excluded_lines": []}, "": {"executed_lines": [1, 8, 10, 11, 12, 14, 17, 18, 25, 36, 37, 47, 54, 62, 141, 197, 248, 281, 298, 323, 377, 416, 461, 503, 567, 639, 640, 713, 777, 825, 850, 899, 915], "summary": {"covered_lines": 31, "num_statements": 31, "percent_covered": 100.0, "percent_covered_display": "100", "missing_lines": 0, "excluded_lines": 0}, "missing_lines": [], "excluded_lines": []}}, "classes": {"DatabaseStore": {"executed_lines": [32, 33, 34, 41, 42, 43, 44, 45, 51, 52, 58, 59, 60, 69, 70, 72, 86, 105, 108, 111, 114, 119, 131, 139, 160, 161, 164, 178, 182, 183, 186, 189, 192, 194, 195, 215, 216, 235, 238, 239, 242, 246, 265, 269, 270, 271, 272, 277, 278, 279, 291, 293, 335, 336, 339, 346, 348, 351, 352, 360, 370, 373, 375, 387, 388, 390, 400, 402, 403, 405, 429, 430, 432, 440, 442, 443, 445, 447, 457, 459, 471, 472, 475, 477, 479, 487, 490, 491, 492, 494, 495, 497, 498, 499, 501, 583, 584, 587, 611, 623, 624, 637, 668, 669, 672, 674, 675, 677, 681, 682, 684, 686, 687, 690, 692, 695, 698, 699, 700, 701, 706, 709, 711, 737, 740, 741, 743, 744, 746, 748, 761, 774, 775, 790, 791, 794, 795, 800, 803, 810, 813, 822, 823, 871, 872, 875, 876, 877, 880, 883, 889, 890, 891, 892, 895, 897], "summary": {"covered_lines": 156, "num_statements": 187, "percent_covered": 83.42245989304813, "percent_covered_display": "83", "missing_lines": 31, "excluded_lines": 0}, "missing_lines": [294, 296, 310, 349, 519, 520, 523, 531, 533, 534, 537, 551, 553, 554, 556, 589, 593, 594, 595, 596, 598, 625, 635, 796, 815, 835, 836, 838, 848, 913, 928], "excluded_lines": []}, "": {"executed_lines": [1, 8, 10, 11, 12, 14, 17, 18, 25, 36, 37, 47, 54, 62, 141, 197, 248, 281, 298, 323, 377, 416, 461, 503, 567, 639, 640, 713, 777, 825, 850, 899, 915], "summary": {"covered_lines": 31, "num_statements": 31, "percent_covered": 100.0, "percent_covered_display": "100", "missing_lines": 0, "excluded_lines": 0}, "missing_lines": [], "excluded_lines": []}}}, "core/detector.py": {"executed_lines": [1, 8, 9, 10, 12, 15, 16, 26, 27, 28, 31, 32, 33, 35, 37, 39, 50, 51, 52, 54, 65, 68, 69, 70, 71, 72, 76, 77, 81, 83, 93, 94, 97, 98, 101, 102, 105, 107, 108, 109, 110, 117, 132, 133, 135, 136, 137, 140, 141, 142, 143, 146, 147, 148, 149, 150, 151, 152, 153, 154, 156, 158, 160], "summary": {"covered_lines": 61, "num_statements": 83, "percent_covered": 73.49397590361446, "percent_covered_display": "73", "missing_lines": 22, "excluded_lines": 0}, "missing_lines": [73, 78, 106, 113, 114, 115, 171, 172, 174, 176, 178, 179, 180, 181, 183, 185, 186, 187, 188, 190, 191, 193], "excluded_lines": [], "functions": {"FormatDetector.__init__": {"executed_lines": [37], "summary": {"covered_lines": 1, "num_statements": 1, "percent_covered": 100.0, "percent_covered_display": "100", "missing_lines": 0, "excluded_lines": 0}, "missing_lines": [], "excluded_lines": []}, "FormatDetector.detect": {"executed_lines": [50, 51, 52], "summary": {"covered_lines": 3, "num_statements": 3, "percent_covered": 100.0, "percent_covered_display": "100", "missing_lines": 0, "excluded_lines": 0}, "missing_lines": [], "excluded_lines": []}, "FormatDetector._detect_file_type": {"executed_lines": [65, 68, 69, 70, 71, 72, 76, 77, 81], "summary": {"covered_lines": 9, "num_statements": 11, "percent_covered": 81.81818181818181, "percent_covered_display": "82", "missing_lines": 2, "excluded_lines": 0}, "missing_lines": [73, 78], "excluded_lines": []}, "FormatDetector._detect_format": {"executed_lines": [93, 94, 97, 98, 101, 102, 105, 107, 108, 109, 110], "summary": {"covered_lines": 11, "num_statements": 15, "percent_covered": 73.33333333333333, "percent_covered_display": "73", "missing_lines": 4, "excluded_lines": 0}, "missing_lines": [106, 113, 114, 115], "excluded_lines": []}, "FormatDetector._find_xml_tag_blocks": {"executed_lines": [132, 133, 135, 136, 137, 140, 141, 142, 143, 146, 147, 148, 149, 150, 151, 152, 153, 154, 156, 158], "summary": {"covered_lines": 20, "num_statements": 20, "percent_covered": 100.0, "percent_covered_display": "100", "missing_lines": 0, "excluded_lines": 0}, "missing_lines": [], "excluded_lines": []}, "FormatDetector.get_confidence": {"executed_lines": [], "summary": {"covered_lines": 0, "num_statements": 16, "percent_covered": 0.0, "percent_covered_display": "0", "missing_lines": 16, "excluded_lines": 0}, "missing_lines": [171, 172, 174, 176, 178, 179, 180, 181, 183, 185, 186, 187, 188, 190, 191, 193], "excluded_lines": []}, "": {"executed_lines": [1, 8, 9, 10, 12, 15, 16, 26, 27, 28, 31, 32, 33, 35, 39, 54, 83, 117, 160], "summary": {"covered_lines": 17, "num_statements": 17, "percent_covered": 100.0, "percent_covered_display": "100", "missing_lines": 0, "excluded_lines": 0}, "missing_lines": [], "excluded_lines": []}}, "classes": {"FormatDetector": {"executed_lines": [37, 50, 51, 52, 65, 68, 69, 70, 71, 72, 76, 77, 81, 93, 94, 97, 98, 101, 102, 105, 107, 108, 109, 110, 132, 133, 135, 136, 137, 140, 141, 142, 143, 146, 147, 148, 149, 150, 151, 152, 153, 154, 156, 158], "summary": {"covered_lines": 44, "num_statements": 66, "percent_covered": 66.66666666666667, "percent_covered_display": "67", "missing_lines": 22, "excluded_lines": 0}, "missing_lines": [73, 78, 106, 113, 114, 115, 171, 172, 174, 176, 178, 179, 180, 181, 183, 185, 186, 187, 188, 190, 191, 193], "excluded_lines": []}, "": {"executed_lines": [1, 8, 9, 10, 12, 15, 16, 26, 27, 28, 31, 32, 33, 35, 39, 54, 83, 117, 160], "summary": {"covered_lines": 17, "num_statements": 17, "percent_covered": 100.0, "percent_covered_display": "100", "missing_lines": 0, "excluded_lines": 0}, "missing_lines": [], "excluded_lines": []}}}, "core/embedding_service.py": {"executed_lines": [1, 3, 4, 5, 6, 7, 8, 10, 11, 12, 18, 21, 24, 25, 26, 27, 32, 33, 34, 37, 38, 41, 42, 45, 48, 50, 77, 83, 85, 86, 90, 92, 93, 94, 96, 97, 99, 100, 102, 103, 104, 105, 107, 108, 109, 111, 112, 113, 115, 116, 120, 121, 122, 124, 125, 126, 131, 132, 133, 134, 135, 137, 151, 152, 155, 157, 158, 164, 165, 167, 169, 170, 172, 198, 200, 201, 204, 205, 206, 208, 211, 214, 215, 216, 218, 219, 225, 226, 229, 230, 232, 233, 235, 237, 264, 268, 269, 270, 273, 290, 293, 296, 307, 309, 311, 313, 315, 317, 319, 321, 322, 329, 331, 341, 343, 353, 354, 356, 369, 370, 372, 392, 393, 394, 395, 397, 398, 401, 404, 405, 410, 411, 412, 414, 415, 416, 419, 420, 426, 428, 438, 440, 463, 467, 469, 470, 472, 474, 480, 481, 482, 483, 485, 486, 487, 488, 489, 490, 492, 493, 494, 496, 498, 520, 521, 523, 524, 525, 526, 527, 528, 529, 530, 531, 532, 533, 534, 535, 536, 538, 540, 542, 561, 562, 565, 567, 578, 589, 602, 603, 605, 606, 608], "summary": {"covered_lines": 190, "num_statements": 214, "percent_covered": 88.78504672897196, "percent_covered_display": "89", "missing_lines": 24, "excluded_lines": 3}, "missing_lines": [28, 29, 78, 117, 199, 265, 274, 275, 281, 282, 283, 284, 285, 287, 297, 298, 304, 305, 464, 569, 586, 587, 610, 611], "excluded_lines": [13, 14, 15], "functions": {"_ensure_secret_manager_imports": {"executed_lines": [24, 25, 26, 27], "summary": {"covered_lines": 4, "num_statements": 6, "percent_covered": 66.66666666666667, "percent_covered_display": "67", "missing_lines": 2, "excluded_lines": 0}, "missing_lines": [28, 29], "excluded_lines": []}, "EmbeddingService.__init__": {"executed_lines": [77, 83, 85, 86, 90, 92, 93, 94, 96, 97, 99, 100, 102, 103, 104, 105, 107, 108, 109, 111, 112, 113, 115, 116, 120, 121, 122, 124, 125, 126, 131, 132, 133, 134, 135], "summary": {"covered_lines": 35, "num_statements": 37, "percent_covered": 94.5945945945946, "percent_covered_display": "95", "missing_lines": 2, "excluded_lines": 0}, "missing_lines": [78, 117], "excluded_lines": []}, "EmbeddingService.generate_embedding": {"executed_lines": [151, 152, 155, 157, 158, 164, 165, 167, 169, 170], "summary": {"covered_lines": 10, "num_statements": 10, "percent_covered": 100.0, "percent_covered_display": "100", "missing_lines": 0, "excluded_lines": 0}, "missing_lines": [], "excluded_lines": []}, "EmbeddingService.batch_generate": {"executed_lines": [198, 200, 201, 204, 205, 206, 208, 211, 214, 215, 216, 218, 219, 225, 226, 229, 230, 232, 233, 235], "summary": {"covered_lines": 20, "num_statements": 21, "percent_covered": 95.23809523809524, "percent_covered_display": "95", "missing_lines": 1, "excluded_lines": 0}, "missing_lines": [199], "excluded_lines": []}, "EmbeddingService.get_or_generate_embedding": {"executed_lines": [264, 268, 269, 270, 273, 290, 293, 296, 307], "summary": {"covered_lines": 9, "num_statements": 22, "percent_covered": 40.90909090909091, "percent_covered_display": "41", "missing_lines": 13, "excluded_lines": 0}, "missing_lines": [265, 274, 275, 281, 282, 283, 284, 285, 287, 297, 298, 304, 305], "excluded_lines": []}, "EmbeddingService.clear_cache": {"executed_lines": [311], "summary": {"covered_lines": 1, "num_statements": 1, "percent_covered": 100.0, "percent_covered_display": "100", "missing_lines": 0, "excluded_lines": 0}, "missing_lines": [], "excluded_lines": []}, "EmbeddingService.get_token_usage": {"executed_lines": [315], "summary": {"covered_lines": 1, "num_statements": 1, "percent_covered": 100.0, "percent_covered_display": "100", "missing_lines": 0, "excluded_lines": 0}, "missing_lines": [], "excluded_lines": []}, "EmbeddingService.reset_token_usage": {"executed_lines": [319], "summary": {"covered_lines": 1, "num_statements": 1, "percent_covered": 100.0, "percent_covered_display": "100", "missing_lines": 0, "excluded_lines": 0}, "missing_lines": [], "excluded_lines": []}, "EmbeddingService.api_key_source": {"executed_lines": [329], "summary": {"covered_lines": 1, "num_statements": 1, "percent_covered": 100.0, "percent_covered_display": "100", "missing_lines": 0, "excluded_lines": 0}, "missing_lines": [], "excluded_lines": []}, "EmbeddingService.get_api_key_source": {"executed_lines": [341], "summary": {"covered_lines": 1, "num_statements": 1, "percent_covered": 100.0, "percent_covered_display": "100", "missing_lines": 0, "excluded_lines": 0}, "missing_lines": [], "excluded_lines": []}, "EmbeddingService.estimate_cost": {"executed_lines": [353, 354], "summary": {"covered_lines": 2, "num_statements": 2, "percent_covered": 100.0, "percent_covered_display": "100", "missing_lines": 0, "excluded_lines": 0}, "missing_lines": [], "excluded_lines": []}, "EmbeddingService.estimate_tokens": {"executed_lines": [369, 370], "summary": {"covered_lines": 2, "num_statements": 2, "percent_covered": 100.0, "percent_covered_display": "100", "missing_lines": 0, "excluded_lines": 0}, "missing_lines": [], "excluded_lines": []}, "EmbeddingService._create_token_aware_batches": {"executed_lines": [392, 393, 394, 395, 397, 398, 401, 404, 405, 410, 411, 412, 414, 415, 416, 419, 420, 426], "summary": {"covered_lines": 18, "num_statements": 18, "percent_covered": 100.0, "percent_covered_display": "100", "missing_lines": 0, "excluded_lines": 0}, "missing_lines": [], "excluded_lines": []}, "EmbeddingService._process_batch": {"executed_lines": [438], "summary": {"covered_lines": 1, "num_statements": 1, "percent_covered": 100.0, "percent_covered_display": "100", "missing_lines": 0, "excluded_lines": 0}, "missing_lines": [], "excluded_lines": []}, "EmbeddingService.batch_generate_parallel": {"executed_lines": [463, 467, 469, 470, 472, 474, 480, 481, 482, 483, 485, 486, 487, 488, 489, 490, 492, 493, 494, 496], "summary": {"covered_lines": 20, "num_statements": 21, "percent_covered": 95.23809523809524, "percent_covered_display": "95", "missing_lines": 1, "excluded_lines": 0}, "missing_lines": [464], "excluded_lines": []}, "EmbeddingService.batch_generate_with_retry": {"executed_lines": [520, 521, 523, 524, 525, 526, 527, 528, 529, 530, 531, 532, 533, 534, 535, 536, 538, 540], "summary": {"covered_lines": 18, "num_statements": 18, "percent_covered": 100.0, "percent_covered_display": "100", "missing_lines": 0, "excluded_lines": 0}, "missing_lines": [], "excluded_lines": []}, "EmbeddingService.update_metadata": {"executed_lines": [561, 562, 565, 567, 578], "summary": {"covered_lines": 5, "num_statements": 8, "percent_covered": 62.5, "percent_covered_display": "62", "missing_lines": 3, "excluded_lines": 0}, "missing_lines": [569, 586, 587], "excluded_lines": []}, "EmbeddingService.get_metadata": {"executed_lines": [602, 603, 605, 606, 608], "summary": {"covered_lines": 5, "num_statements": 7, "percent_covered": 71.42857142857143, "percent_covered_display": "71", "missing_lines": 2, "excluded_lines": 0}, "missing_lines": [610, 611], "excluded_lines": []}, "": {"executed_lines": [1, 3, 4, 5, 6, 7, 8, 10, 11, 12, 18, 21, 32, 33, 34, 37, 38, 41, 42, 45, 48, 50, 137, 172, 237, 309, 313, 317, 321, 322, 331, 343, 356, 372, 428, 440, 498, 542, 589], "summary": {"covered_lines": 36, "num_statements": 36, "percent_covered": 100.0, "percent_covered_display": "100", "missing_lines": 0, "excluded_lines": 3}, "missing_lines": [], "excluded_lines": [13, 14, 15]}}, "classes": {"RateLimitError": {"executed_lines": [], "summary": {"covered_lines": 0, "num_statements": 0, "percent_covered": 100.0, "percent_covered_display": "100", "missing_lines": 0, "excluded_lines": 0}, "missing_lines": [], "excluded_lines": []}, "EmbeddingService": {"executed_lines": [77, 83, 85, 86, 90, 92, 93, 94, 96, 97, 99, 100, 102, 103, 104, 105, 107, 108, 109, 111, 112, 113, 115, 116, 120, 121, 122, 124, 125, 126, 131, 132, 133, 134, 135, 151, 152, 155, 157, 158, 164, 165, 167, 169, 170, 198, 200, 201, 204, 205, 206, 208, 211, 214, 215, 216, 218, 219, 225, 226, 229, 230, 232, 233, 235, 264, 268, 269, 270, 273, 290, 293, 296, 307, 311, 315, 319, 329, 341, 353, 354, 369, 370, 392, 393, 394, 395, 397, 398, 401, 404, 405, 410, 411, 412, 414, 415, 416, 419, 420, 426, 438, 463, 467, 469, 470, 472, 474, 480, 481, 482, 483, 485, 486, 487, 488, 489, 490, 492, 493, 494, 496, 520, 521, 523, 524, 525, 526, 527, 528, 529, 530, 531, 532, 533, 534, 535, 536, 538, 540, 561, 562, 565, 567, 578, 602, 603, 605, 606, 608], "summary": {"covered_lines": 150, "num_statements": 172, "percent_covered": 87.20930232558139, "percent_covered_display": "87", "missing_lines": 22, "excluded_lines": 0}, "missing_lines": [78, 117, 199, 265, 274, 275, 281, 282, 283, 284, 285, 287, 297, 298, 304, 305, 464, 569, 586, 587, 610, 611], "excluded_lines": []}, "": {"executed_lines": [1, 3, 4, 5, 6, 7, 8, 10, 11, 12, 18, 21, 24, 25, 26, 27, 32, 33, 34, 37, 38, 41, 42, 45, 48, 50, 137, 172, 237, 309, 313, 317, 321, 322, 331, 343, 356, 372, 428, 440, 498, 542, 589], "summary": {"covered_lines": 40, "num_statements": 42, "percent_covered": 95.23809523809524, "percent_covered_display": "95", "missing_lines": 2, "excluded_lines": 3}, "missing_lines": [28, 29], "excluded_lines": [13, 14, 15]}}}, "core/frontmatter_generator.py": {"executed_lines": [1, 15, 17, 18, 19, 20, 22, 25, 26, 38, 40, 44, 49, 80, 83, 85, 106, 111, 119, 121, 144, 147, 150, 153, 156, 159, 161, 163, 188, 189, 190, 191, 192, 195, 196, 199, 200, 201, 204, 205, 206, 209, 210, 211, 213, 215, 227, 229, 231, 232, 233, 236, 237, 238, 239, 241, 243, 255, 257, 259, 260, 261, 264, 265, 266, 267, 269, 271, 286, 289, 306, 312, 313, 314, 316, 318, 337, 338, 340, 343, 347, 350, 351, 352, 353, 355, 356, 363, 364, 365, 367, 369, 379, 382, 383, 384, 385, 387, 389, 399, 400, 402, 403, 407, 430, 431], "summary": {"covered_lines": 104, "num_statements": 105, "percent_covered": 99.04761904761905, "percent_covered_display": "99", "missing_lines": 1, "excluded_lines": 0}, "missing_lines": [380], "excluded_lines": [], "functions": {"FrontmatterGenerator.__init__": {"executed_lines": [40, 44], "summary": {"covered_lines": 2, "num_statements": 2, "percent_covered": 100.0, "percent_covered_display": "100", "missing_lines": 0, "excluded_lines": 0}, "missing_lines": [], "excluded_lines": []}, "FrontmatterGenerator.generate": {"executed_lines": [80, 83, 85, 106, 111, 119], "summary": {"covered_lines": 6, "num_statements": 6, "percent_covered": 100.0, "percent_covered_display": "100", "missing_lines": 0, "excluded_lines": 0}, "missing_lines": [], "excluded_lines": []}, "FrontmatterGenerator._slugify": {"executed_lines": [144, 147, 150, 153, 156, 159, 161], "summary": {"covered_lines": 7, "num_statements": 7, "percent_covered": 100.0, "percent_covered_display": "100", "missing_lines": 0, "excluded_lines": 0}, "missing_lines": [], "excluded_lines": []}, "FrontmatterGenerator._enrich_metadata": {"executed_lines": [188, 189, 190, 191, 192, 195, 196, 199, 200, 201, 204, 205, 206, 209, 210, 211, 213], "summary": {"covered_lines": 17, "num_statements": 17, "percent_covered": 100.0, "percent_covered_display": "100", "missing_lines": 0, "excluded_lines": 0}, "missing_lines": [], "excluded_lines": []}, "FrontmatterGenerator._extract_tags": {"executed_lines": [227, 229, 231, 232, 233, 236, 237, 238, 239, 241], "summary": {"covered_lines": 10, "num_statements": 10, "percent_covered": 100.0, "percent_covered_display": "100", "missing_lines": 0, "excluded_lines": 0}, "missing_lines": [], "excluded_lines": []}, "FrontmatterGenerator._extract_dependencies": {"executed_lines": [255, 257, 259, 260, 261, 264, 265, 266, 267, 269], "summary": {"covered_lines": 10, "num_statements": 10, "percent_covered": 100.0, "percent_covered_display": "100", "missing_lines": 0, "excluded_lines": 0}, "missing_lines": [], "excluded_lines": []}, "FrontmatterGenerator._detect_file_types": {"executed_lines": [286, 289, 306, 312, 313, 314, 316], "summary": {"covered_lines": 7, "num_statements": 7, "percent_covered": 100.0, "percent_covered_display": "100", "missing_lines": 0, "excluded_lines": 0}, "missing_lines": [], "excluded_lines": []}, "FrontmatterGenerator._calculate_statistics": {"executed_lines": [337, 338, 340, 343, 347, 350, 351, 352, 353, 355, 356, 363, 364, 365, 367], "summary": {"covered_lines": 15, "num_statements": 15, "percent_covered": 100.0, "percent_covered_display": "100", "missing_lines": 0, "excluded_lines": 0}, "missing_lines": [], "excluded_lines": []}, "FrontmatterGenerator._calculate_max_depth": {"executed_lines": [379, 382, 383, 384, 385, 387], "summary": {"covered_lines": 6, "num_statements": 7, "percent_covered": 85.71428571428571, "percent_covered_display": "86", "missing_lines": 1, "excluded_lines": 0}, "missing_lines": [380], "excluded_lines": []}, "FrontmatterGenerator._depth_recursive": {"executed_lines": [399, 400, 402, 403], "summary": {"covered_lines": 4, "num_statements": 4, "percent_covered": 100.0, "percent_covered_display": "100", "missing_lines": 0, "excluded_lines": 0}, "missing_lines": [], "excluded_lines": []}, "generate_frontmatter": {"executed_lines": [430, 431], "summary": {"covered_lines": 2, "num_statements": 2, "percent_covered": 100.0, "percent_covered_display": "100", "missing_lines": 0, "excluded_lines": 0}, "missing_lines": [], "excluded_lines": []}, "": {"executed_lines": [1, 15, 17, 18, 19, 20, 22, 25, 26, 38, 49, 121, 163, 215, 243, 271, 318, 369, 389, 407], "summary": {"covered_lines": 18, "num_statements": 18, "percent_covered": 100.0, "percent_covered_display": "100", "missing_lines": 0, "excluded_lines": 0}, "missing_lines": [], "excluded_lines": []}}, "classes": {"FrontmatterGenerator": {"executed_lines": [40, 44, 80, 83, 85, 106, 111, 119, 144, 147, 150, 153, 156, 159, 161, 188, 189, 190, 191, 192, 195, 196, 199, 200, 201, 204, 205, 206, 209, 210, 211, 213, 227, 229, 231, 232, 233, 236, 237, 238, 239, 241, 255, 257, 259, 260, 261, 264, 265, 266, 267, 269, 286, 289, 306, 312, 313, 314, 316, 337, 338, 340, 343, 347, 350, 351, 352, 353, 355, 356, 363, 364, 365, 367, 379, 382, 383, 384, 385, 387, 399, 400, 402, 403], "summary": {"covered_lines": 84, "num_statements": 85, "percent_covered": 98.82352941176471, "percent_covered_display": "99", "missing_lines": 1, "excluded_lines": 0}, "missing_lines": [380], "excluded_lines": []}, "": {"executed_lines": [1, 15, 17, 18, 19, 20, 22, 25, 26, 38, 49, 121, 163, 215, 243, 271, 318, 369, 389, 407, 430, 431], "summary": {"covered_lines": 20, "num_statements": 20, "percent_covered": 100.0, "percent_covered_display": "100", "missing_lines": 0, "excluded_lines": 0}, "missing_lines": [], "excluded_lines": []}}}, "core/hashing.py": {"executed_lines": [1, 2, 3, 4, 7, 16, 18, 19, 21, 23, 25, 26, 28, 31], "summary": {"covered_lines": 13, "num_statements": 29, "percent_covered": 44.827586206896555, "percent_covered_display": "45", "missing_lines": 16, "excluded_lines": 0}, "missing_lines": [38, 39, 40, 42, 44, 45, 46, 47, 48, 49, 50, 52, 54, 55, 56, 58], "excluded_lines": [], "functions": {"compute_file_hash": {"executed_lines": [16, 18, 19, 21, 23, 25, 26, 28], "summary": {"covered_lines": 8, "num_statements": 8, "percent_covered": 100.0, "percent_covered_display": "100", "missing_lines": 0, "excluded_lines": 0}, "missing_lines": [], "excluded_lines": []}, "compute_combined_hash": {"executed_lines": [], "summary": {"covered_lines": 0, "num_statements": 10, "percent_covered": 0.0, "percent_covered_display": "0", "missing_lines": 10, "excluded_lines": 0}, "missing_lines": [38, 39, 40, 42, 44, 52, 54, 55, 56, 58], "excluded_lines": []}, "compute_combined_hash._update_for_file": {"executed_lines": [], "summary": {"covered_lines": 0, "num_statements": 6, "percent_covered": 0.0, "percent_covered_display": "0", "missing_lines": 6, "excluded_lines": 0}, "missing_lines": [45, 46, 47, 48, 49, 50], "excluded_lines": []}, "": {"executed_lines": [1, 2, 3, 4, 7, 31], "summary": {"covered_lines": 5, "num_statements": 5, "percent_covered": 100.0, "percent_covered_display": "100", "missing_lines": 0, "excluded_lines": 0}, "missing_lines": [], "excluded_lines": []}}, "classes": {"": {"executed_lines": [1, 2, 3, 4, 7, 16, 18, 19, 21, 23, 25, 26, 28, 31], "summary": {"covered_lines": 13, "num_statements": 29, "percent_covered": 44.827586206896555, "percent_covered_display": "45", "missing_lines": 16, "excluded_lines": 0}, "missing_lines": [38, 39, 40, 42, 44, 45, 46, 47, 48, 49, 50, 52, 54, 55, 56, 58], "excluded_lines": []}}}, "core/hybrid_search.py": {"executed_lines": [1, 15, 17, 18, 19, 22, 34, 35, 36, 39, 67, 68, 71, 72, 75, 78, 79, 86, 100, 101, 102, 103, 116, 136, 139, 148, 149, 150, 151, 152, 153, 155, 156, 158, 159, 161, 179, 181, 184, 185, 188, 189, 190, 193, 194, 196, 202, 204, 205, 207, 208, 210, 238, 239, 241, 243, 245, 246, 247, 248, 251, 252, 253, 258, 260, 266, 269, 277, 278, 279, 280, 283, 284, 285, 287, 289, 295, 321, 322, 325, 328, 329, 330, 331, 333, 334, 337, 340, 342, 350, 351, 352, 354, 355, 356, 358, 359, 360, 361, 363, 379, 381, 390, 391, 398, 399, 411, 412, 414, 415, 417, 422, 423, 435, 436, 438, 439, 440, 441, 443, 444, 447, 448, 449, 450, 452, 453, 454, 457, 459], "summary": {"covered_lines": 127, "num_statements": 131, "percent_covered": 96.94656488549619, "percent_covered_display": "97", "missing_lines": 4, "excluded_lines": 0}, "missing_lines": [255, 291, 292, 293], "excluded_lines": [], "functions": {"normalize_score": {"executed_lines": [34, 35, 36], "summary": {"covered_lines": 3, "num_statements": 3, "percent_covered": 100.0, "percent_covered_display": "100", "missing_lines": 0, "excluded_lines": 0}, "missing_lines": [], "excluded_lines": []}, "hybrid_score": {"executed_lines": [67, 68, 71, 72, 75], "summary": {"covered_lines": 5, "num_statements": 5, "percent_covered": 100.0, "percent_covered_display": "100", "missing_lines": 0, "excluded_lines": 0}, "missing_lines": [], "excluded_lines": []}, "HybridSearch.__init__": {"executed_lines": [100, 101, 102, 103], "summary": {"covered_lines": 4, "num_statements": 4, "percent_covered": 100.0, "percent_covered_display": "100", "missing_lines": 0, "excluded_lines": 0}, "missing_lines": [], "excluded_lines": []}, "HybridSearch.vector_search": {"executed_lines": [136, 139, 148, 149, 150, 151, 152, 153, 155, 156, 158, 159], "summary": {"covered_lines": 12, "num_statements": 12, "percent_covered": 100.0, "percent_covered_display": "100", "missing_lines": 0, "excluded_lines": 0}, "missing_lines": [], "excluded_lines": []}, "HybridSearch.text_search": {"executed_lines": [179, 181, 184, 185, 188, 189, 190, 193, 194, 196, 202, 204, 205, 207, 208], "summary": {"covered_lines": 15, "num_statements": 15, "percent_covered": 100.0, "percent_covered_display": "100", "missing_lines": 0, "excluded_lines": 0}, "missing_lines": [], "excluded_lines": []}, "HybridSearch.hybrid_search": {"executed_lines": [238, 239, 241, 243, 245, 246, 247, 248, 251, 252, 253, 258, 260, 266, 269, 277, 278, 279, 280, 283, 284, 285, 287, 289], "summary": {"covered_lines": 24, "num_statements": 28, "percent_covered": 85.71428571428571, "percent_covered_display": "86", "missing_lines": 4, "excluded_lines": 0}, "missing_lines": [255, 291, 292, 293], "excluded_lines": []}, "HybridSearch._merge_rankings": {"executed_lines": [321, 322, 325, 328, 329, 330, 331, 333, 334, 337, 340], "summary": {"covered_lines": 11, "num_statements": 11, "percent_covered": 100.0, "percent_covered_display": "100", "missing_lines": 0, "excluded_lines": 0}, "missing_lines": [], "excluded_lines": []}, "HybridSearch.get_metrics": {"executed_lines": [350, 351, 352, 354, 355, 356, 358, 359, 360, 361, 363], "summary": {"covered_lines": 11, "num_statements": 11, "percent_covered": 100.0, "percent_covered_display": "100", "missing_lines": 0, "excluded_lines": 0}, "missing_lines": [], "excluded_lines": []}, "HybridSearch.reset_metrics": {"executed_lines": [381], "summary": {"covered_lines": 1, "num_statements": 1, "percent_covered": 100.0, "percent_covered_display": "100", "missing_lines": 0, "excluded_lines": 0}, "missing_lines": [], "excluded_lines": []}, "SearchRanker.normalize_similarity_scores": {"executed_lines": [411, 412, 414, 415, 417], "summary": {"covered_lines": 5, "num_statements": 5, "percent_covered": 100.0, "percent_covered_display": "100", "missing_lines": 0, "excluded_lines": 0}, "missing_lines": [], "excluded_lines": []}, "SearchRanker.rank_by_frequency": {"executed_lines": [435, 436, 438, 439, 440, 441, 443, 444, 447, 448, 449, 450, 452, 453, 454, 457, 459], "summary": {"covered_lines": 17, "num_statements": 17, "percent_covered": 100.0, "percent_covered_display": "100", "missing_lines": 0, "excluded_lines": 0}, "missing_lines": [], "excluded_lines": []}, "": {"executed_lines": [1, 15, 17, 18, 19, 22, 39, 78, 79, 86, 116, 161, 210, 295, 342, 379, 390, 391, 398, 399, 422, 423], "summary": {"covered_lines": 19, "num_statements": 19, "percent_covered": 100.0, "percent_covered_display": "100", "missing_lines": 0, "excluded_lines": 0}, "missing_lines": [], "excluded_lines": []}}, "classes": {"HybridSearch": {"executed_lines": [100, 101, 102, 103, 136, 139, 148, 149, 150, 151, 152, 153, 155, 156, 158, 159, 179, 181, 184, 185, 188, 189, 190, 193, 194, 196, 202, 204, 205, 207, 208, 238, 239, 241, 243, 245, 246, 247, 248, 251, 252, 253, 258, 260, 266, 269, 277, 278, 279, 280, 283, 284, 285, 287, 289, 321, 322, 325, 328, 329, 330, 331, 333, 334, 337, 340, 350, 351, 352, 354, 355, 356, 358, 359, 360, 361, 363, 381], "summary": {"covered_lines": 78, "num_statements": 82, "percent_covered": 95.1219512195122, "percent_covered_display": "95", "missing_lines": 4, "excluded_lines": 0}, "missing_lines": [255, 291, 292, 293], "excluded_lines": []}, "SearchRanker": {"executed_lines": [411, 412, 414, 415, 417, 435, 436, 438, 439, 440, 441, 443, 444, 447, 448, 449, 450, 452, 453, 454, 457, 459], "summary": {"covered_lines": 22, "num_statements": 22, "percent_covered": 100.0, "percent_covered_display": "100", "missing_lines": 0, "excluded_lines": 0}, "missing_lines": [], "excluded_lines": []}, "": {"executed_lines": [1, 15, 17, 18, 19, 22, 34, 35, 36, 39, 67, 68, 71, 72, 75, 78, 79, 86, 116, 161, 210, 295, 342, 379, 390, 391, 398, 399, 422, 423], "summary": {"covered_lines": 27, "num_statements": 27, "percent_covered": 100.0, "percent_covered_display": "100", "missing_lines": 0, "excluded_lines": 0}, "missing_lines": [], "excluded_lines": []}}}, "core/parser.py": {"executed_lines": [1, 11, 12, 14, 17, 18, 28, 31, 34, 35, 37, 39, 41, 53, 54, 56, 59, 60, 63, 64, 65, 68, 69, 71, 72, 73, 77, 79, 96, 99, 100, 101, 104, 105, 107, 108, 110, 117, 118, 120, 121, 124, 128, 131, 133, 141, 162, 163, 164, 165, 168, 169, 177, 178, 181, 182, 192, 193, 194, 195, 196, 200, 205, 206, 207, 211, 212, 214, 215, 216, 219, 220, 221, 222, 223, 225, 226, 229, 230, 231, 232, 233, 235, 236, 238, 240, 241, 245, 247, 249, 252, 253, 256, 265, 267, 268, 270, 273, 274, 275, 277, 278, 282, 285, 304, 305, 307, 308, 309, 312, 313, 314, 317, 322, 323, 324, 328, 329, 330, 331, 333, 334, 335, 338, 339, 340, 343, 344, 345, 346, 349, 350, 352, 353, 356, 358, 359, 360, 362, 363, 366, 368, 370, 373, 374, 377, 387, 388, 389, 391, 394, 395, 396, 398, 401, 402, 405, 408, 410, 412, 427, 428, 430, 432, 440, 453, 454, 455, 456, 465, 466, 467, 469], "summary": {"covered_lines": 171, "num_statements": 187, "percent_covered": 91.44385026737967, "percent_covered_display": "91", "missing_lines": 16, "excluded_lines": 0}, "missing_lines": [111, 112, 114, 183, 184, 185, 186, 188, 189, 202, 280, 319, 406, 457, 459, 462], "excluded_lines": [], "functions": {"Parser.__init__": {"executed_lines": [39], "summary": {"covered_lines": 1, "num_statements": 1, "percent_covered": 100.0, "percent_covered_display": "100", "missing_lines": 0, "excluded_lines": 0}, "missing_lines": [], "excluded_lines": []}, "Parser.extract_frontmatter": {"executed_lines": [53, 54, 56, 59, 60, 63, 64, 65, 68, 69, 71, 72, 73, 77], "summary": {"covered_lines": 14, "num_statements": 14, "percent_covered": 100.0, "percent_covered_display": "100", "missing_lines": 0, "excluded_lines": 0}, "missing_lines": [], "excluded_lines": []}, "Parser.parse_headings": {"executed_lines": [96, 99, 100, 101, 104, 105, 107, 108, 110, 117, 118, 120, 121, 124, 128, 131, 133], "summary": {"covered_lines": 17, "num_statements": 20, "percent_covered": 85.0, "percent_covered_display": "85", "missing_lines": 3, "excluded_lines": 0}, "missing_lines": [111, 112, 114], "excluded_lines": []}, "Parser._parse_heading_lines": {"executed_lines": [162, 163, 164, 165, 168, 169, 177, 178, 181, 182, 192, 193, 194, 195, 196, 200, 205, 206, 207, 211, 212, 214, 215, 216, 219, 220, 221, 222, 223, 225, 226, 229, 230, 231, 232, 233, 235, 236, 238, 240, 241, 245, 247, 249, 252, 253, 256, 265, 267, 268, 270, 273, 274, 275, 277, 278, 282], "summary": {"covered_lines": 57, "num_statements": 65, "percent_covered": 87.6923076923077, "percent_covered_display": "88", "missing_lines": 8, "excluded_lines": 0}, "missing_lines": [183, 184, 185, 186, 188, 189, 202, 280], "excluded_lines": []}, "Parser._parse_xml_tag_lines": {"executed_lines": [304, 305, 307, 308, 309, 312, 313, 314, 317, 322, 323, 324, 328, 329, 330, 331, 333, 334, 335, 338, 339, 340, 343, 344, 345, 346, 349, 350, 352, 353, 356, 358, 359, 360, 362, 363, 366, 368, 370, 373, 374, 377, 387, 388, 389, 391, 394, 395, 396, 398, 401, 402, 405, 408, 410], "summary": {"covered_lines": 55, "num_statements": 57, "percent_covered": 96.49122807017544, "percent_covered_display": "96", "missing_lines": 2, "excluded_lines": 0}, "missing_lines": [319, 406], "excluded_lines": []}, "Parser.parse_xml_tags": {"executed_lines": [427, 428, 430, 432], "summary": {"covered_lines": 4, "num_statements": 4, "percent_covered": 100.0, "percent_covered_display": "100", "missing_lines": 0, "excluded_lines": 0}, "missing_lines": [], "excluded_lines": []}, "Parser.parse": {"executed_lines": [453, 454, 455, 456, 465, 466, 467, 469], "summary": {"covered_lines": 8, "num_statements": 11, "percent_covered": 72.72727272727273, "percent_covered_display": "73", "missing_lines": 3, "excluded_lines": 0}, "missing_lines": [457, 459, 462], "excluded_lines": []}, "": {"executed_lines": [1, 11, 12, 14, 17, 18, 28, 31, 34, 35, 37, 41, 79, 141, 285, 412, 440], "summary": {"covered_lines": 15, "num_statements": 15, "percent_covered": 100.0, "percent_covered_display": "100", "missing_lines": 0, "excluded_lines": 0}, "missing_lines": [], "excluded_lines": []}}, "classes": {"Parser": {"executed_lines": [39, 53, 54, 56, 59, 60, 63, 64, 65, 68, 69, 71, 72, 73, 77, 96, 99, 100, 101, 104, 105, 107, 108, 110, 117, 118, 120, 121, 124, 128, 131, 133, 162, 163, 164, 165, 168, 169, 177, 178, 181, 182, 192, 193, 194, 195, 196, 200, 205, 206, 207, 211, 212, 214, 215, 216, 219, 220, 221, 222, 223, 225, 226, 229, 230, 231, 232, 233, 235, 236, 238, 240, 241, 245, 247, 249, 252, 253, 256, 265, 267, 268, 270, 273, 274, 275, 277, 278, 282, 304, 305, 307, 308, 309, 312, 313, 314, 317, 322, 323, 324, 328, 329, 330, 331, 333, 334, 335, 338, 339, 340, 343, 344, 345, 346, 349, 350, 352, 353, 356, 358, 359, 360, 362, 363, 366, 368, 370, 373, 374, 377, 387, 388, 389, 391, 394, 395, 396, 398, 401, 402, 405, 408, 410, 427, 428, 430, 432, 453, 454, 455, 456, 465, 466, 467, 469], "summary": {"covered_lines": 156, "num_statements": 172, "percent_covered": 90.69767441860465, "percent_covered_display": "91", "missing_lines": 16, "excluded_lines": 0}, "missing_lines": [111, 112, 114, 183, 184, 185, 186, 188, 189, 202, 280, 319, 406, 457, 459, 462], "excluded_lines": []}, "": {"executed_lines": [1, 11, 12, 14, 17, 18, 28, 31, 34, 35, 37, 41, 79, 141, 285, 412, 440], "summary": {"covered_lines": 15, "num_statements": 15, "percent_covered": 100.0, "percent_covered_display": "100", "missing_lines": 0, "excluded_lines": 0}, "missing_lines": [], "excluded_lines": []}}}, "core/query.py": {"executed_lines": [1, 9, 11, 12, 14, 15, 18, 19, 27, 34, 35, 37, 50, 52, 72, 73, 76, 83, 85, 86, 88, 89, 90, 93, 97, 99, 102, 105, 106, 116, 118, 119, 131, 141, 143, 144, 152, 154, 167, 169, 186, 189, 190, 191, 192, 193, 195, 197, 213, 215], "summary": {"covered_lines": 48, "num_statements": 50, "percent_covered": 96.0, "percent_covered_display": "96", "missing_lines": 2, "excluded_lines": 0}, "missing_lines": [100, 228], "excluded_lines": [], "functions": {"QueryAPI.__init__": {"executed_lines": [34, 35], "summary": {"covered_lines": 2, "num_statements": 2, "percent_covered": 100.0, "percent_covered_display": "100", "missing_lines": 0, "excluded_lines": 0}, "missing_lines": [], "excluded_lines": []}, "QueryAPI.get_section": {"executed_lines": [50], "summary": {"covered_lines": 1, "num_statements": 1, "percent_covered": 100.0, "percent_covered_display": "100", "missing_lines": 0, "excluded_lines": 0}, "missing_lines": [], "excluded_lines": []}, "QueryAPI.get_next_section": {"executed_lines": [72, 73, 76, 83, 85, 86, 88, 89, 90, 93, 97, 99, 102, 105, 106, 116, 118, 119, 131, 141, 143, 144, 152], "summary": {"covered_lines": 23, "num_statements": 24, "percent_covered": 95.83333333333333, "percent_covered_display": "96", "missing_lines": 1, "excluded_lines": 0}, "missing_lines": [100], "excluded_lines": []}, "QueryAPI.get_section_tree": {"executed_lines": [167], "summary": {"covered_lines": 1, "num_statements": 1, "percent_covered": 100.0, "percent_covered_display": "100", "missing_lines": 0, "excluded_lines": 0}, "missing_lines": [], "excluded_lines": []}, "QueryAPI.search_sections": {"executed_lines": [186, 189, 190, 191, 192, 193, 195], "summary": {"covered_lines": 7, "num_statements": 7, "percent_covered": 100.0, "percent_covered_display": "100", "missing_lines": 0, "excluded_lines": 0}, "missing_lines": [], "excluded_lines": []}, "QueryAPI.search_sections_with_rank": {"executed_lines": [213], "summary": {"covered_lines": 1, "num_statements": 1, "percent_covered": 100.0, "percent_covered_display": "100", "missing_lines": 0, "excluded_lines": 0}, "missing_lines": [], "excluded_lines": []}, "QueryAPI.preprocess_query": {"executed_lines": [], "summary": {"covered_lines": 0, "num_statements": 1, "percent_covered": 0.0, "percent_covered_display": "0", "missing_lines": 1, "excluded_lines": 0}, "missing_lines": [228], "excluded_lines": []}, "": {"executed_lines": [1, 9, 11, 12, 14, 15, 18, 19, 27, 37, 52, 154, 169, 197, 215], "summary": {"covered_lines": 13, "num_statements": 13, "percent_covered": 100.0, "percent_covered_display": "100", "missing_lines": 0, "excluded_lines": 0}, "missing_lines": [], "excluded_lines": []}}, "classes": {"QueryAPI": {"executed_lines": [34, 35, 50, 72, 73, 76, 83, 85, 86, 88, 89, 90, 93, 97, 99, 102, 105, 106, 116, 118, 119, 131, 141, 143, 144, 152, 167, 186, 189, 190, 191, 192, 193, 195, 213], "summary": {"covered_lines": 35, "num_statements": 37, "percent_covered": 94.5945945945946, "percent_covered_display": "95", "missing_lines": 2, "excluded_lines": 0}, "missing_lines": [100, 228], "excluded_lines": []}, "": {"executed_lines": [1, 9, 11, 12, 14, 15, 18, 19, 27, 37, 52, 154, 169, 197, 215], "summary": {"covered_lines": 13, "num_statements": 13, "percent_covered": 100.0, "percent_covered_display": "100", "missing_lines": 0, "excluded_lines": 0}, "missing_lines": [], "excluded_lines": []}}}, "core/query_interface.py": {"executed_lines": [], "summary": {"covered_lines": 0, "num_statements": 35, "percent_covered": 0.0, "percent_covered_display": "0", "missing_lines": 35, "excluded_lines": 0}, "missing_lines": [11, 13, 14, 16, 19, 29, 30, 40, 42, 43, 55, 57, 58, 70, 72, 73, 86, 88, 89, 105, 107, 108, 124, 126, 127, 139, 142, 150, 159, 160, 161, 162, 163, 165, 167], "excluded_lines": [], "functions": {"QueryStoreInterface.get_section": {"executed_lines": [], "summary": {"covered_lines": 0, "num_statements": 1, "percent_covered": 0.0, "percent_covered_display": "0", "missing_lines": 1, "excluded_lines": 0}, "missing_lines": [40], "excluded_lines": []}, "QueryStoreInterface.get_file": {"executed_lines": [], "summary": {"covered_lines": 0, "num_statements": 1, "percent_covered": 0.0, "percent_covered_display": "0", "missing_lines": 1, "excluded_lines": 0}, "missing_lines": [55], "excluded_lines": []}, "QueryStoreInterface.get_file_by_path": {"executed_lines": [], "summary": {"covered_lines": 0, "num_statements": 1, "percent_covered": 0.0, "percent_covered_display": "0", "missing_lines": 1, "excluded_lines": 0}, "missing_lines": [70], "excluded_lines": []}, "QueryStoreInterface.get_section_tree": {"executed_lines": [], "summary": {"covered_lines": 0, "num_statements": 1, "percent_covered": 0.0, "percent_covered_display": "0", "missing_lines": 1, "excluded_lines": 0}, "missing_lines": [86], "excluded_lines": []}, "QueryStoreInterface.get_next_section": {"executed_lines": [], "summary": {"covered_lines": 0, "num_statements": 1, "percent_covered": 0.0, "percent_covered_display": "0", "missing_lines": 1, "excluded_lines": 0}, "missing_lines": [105], "excluded_lines": []}, "QueryStoreInterface.search_sections": {"executed_lines": [], "summary": {"covered_lines": 0, "num_statements": 1, "percent_covered": 0.0, "percent_covered_display": "0", "missing_lines": 1, "excluded_lines": 0}, "missing_lines": [124], "excluded_lines": []}, "QueryStoreInterface.list_files_by_prefix": {"executed_lines": [], "summary": {"covered_lines": 0, "num_statements": 1, "percent_covered": 0.0, "percent_covered_display": "0", "missing_lines": 1, "excluded_lines": 0}, "missing_lines": [139], "excluded_lines": []}, "StoreCapabilities.__init__": {"executed_lines": [], "summary": {"covered_lines": 0, "num_statements": 5, "percent_covered": 0.0, "percent_covered_display": "0", "missing_lines": 5, "excluded_lines": 0}, "missing_lines": [159, 160, 161, 162, 163], "excluded_lines": []}, "StoreCapabilities.to_dict": {"executed_lines": [], "summary": {"covered_lines": 0, "num_statements": 1, "percent_covered": 0.0, "percent_covered_display": "0", "missing_lines": 1, "excluded_lines": 0}, "missing_lines": [167], "excluded_lines": []}, "": {"executed_lines": [], "summary": {"covered_lines": 0, "num_statements": 22, "percent_covered": 0.0, "percent_covered_display": "0", "missing_lines": 22, "excluded_lines": 0}, "missing_lines": [11, 13, 14, 16, 19, 29, 30, 42, 43, 57, 58, 72, 73, 88, 89, 107, 108, 126, 127, 142, 150, 165], "excluded_lines": []}}, "classes": {"QueryStoreInterface": {"executed_lines": [], "summary": {"covered_lines": 0, "num_statements": 7, "percent_covered": 0.0, "percent_covered_display": "0", "missing_lines": 7, "excluded_lines": 0}, "missing_lines": [40, 55, 70, 86, 105, 124, 139], "excluded_lines": []}, "StoreCapabilities": {"executed_lines": [], "summary": {"covered_lines": 0, "num_statements": 6, "percent_covered": 0.0, "percent_covered_display": "0", "missing_lines": 6, "excluded_lines": 0}, "missing_lines": [159, 160, 161, 162, 163, 167], "excluded_lines": []}, "": {"executed_lines": [], "summary": {"covered_lines": 0, "num_statements": 22, "percent_covered": 0.0, "percent_covered_display": "0", "missing_lines": 22, "excluded_lines": 0}, "missing_lines": [11, 13, 14, 16, 19, 29, 30, 42, 43, 57, 58, 72, 73, 88, 89, 107, 108, 126, 127, 142, 150, 165], "excluded_lines": []}}}, "core/recomposer.py": {"executed_lines": [1, 8, 10, 12, 13, 14, 17, 18, 25, 32, 34, 51, 53, 56, 59, 69, 73, 74, 76, 77, 80, 84, 85, 87, 90, 92, 93, 97, 99, 109, 110, 114, 133, 136, 142, 143, 145, 146, 147, 149, 150, 153, 156, 157, 160, 161, 162, 163, 166, 169, 170, 173, 176, 179, 180, 182, 184, 187, 188, 192, 193, 196, 197, 198, 199, 201], "summary": {"covered_lines": 64, "num_statements": 74, "percent_covered": 86.48648648648648, "percent_covered_display": "86", "missing_lines": 10, "excluded_lines": 0}, "missing_lines": [54, 60, 61, 62, 63, 65, 70, 94, 112, 189], "excluded_lines": [], "functions": {"Recomposer.__init__": {"executed_lines": [32], "summary": {"covered_lines": 1, "num_statements": 1, "percent_covered": 100.0, "percent_covered_display": "100", "missing_lines": 0, "excluded_lines": 0}, "missing_lines": [], "excluded_lines": []}, "Recomposer.recompose": {"executed_lines": [51, 53, 56, 59, 69, 73, 74, 76, 77, 80, 84, 85, 87, 90, 92, 93, 97], "summary": {"covered_lines": 17, "num_statements": 25, "percent_covered": 68.0, "percent_covered_display": "68", "missing_lines": 8, "excluded_lines": 0}, "missing_lines": [54, 60, 61, 62, 63, 65, 70, 94], "excluded_lines": []}, "Recomposer._build_frontmatter": {"executed_lines": [109, 110], "summary": {"covered_lines": 2, "num_statements": 3, "percent_covered": 66.66666666666667, "percent_covered_display": "67", "missing_lines": 1, "excluded_lines": 0}, "missing_lines": [112], "excluded_lines": []}, "Recomposer._build_sections_content": {"executed_lines": [133, 136, 142, 143, 145, 146, 147, 149, 150, 153, 156, 157, 160, 161, 162, 163, 166, 169, 170, 173, 176, 179, 180, 182, 184, 187, 188, 192, 193, 196, 197, 198, 199, 201], "summary": {"covered_lines": 34, "num_statements": 35, "percent_covered": 97.14285714285714, "percent_covered_display": "97", "missing_lines": 1, "excluded_lines": 0}, "missing_lines": [189], "excluded_lines": []}, "": {"executed_lines": [1, 8, 10, 12, 13, 14, 17, 18, 25, 34, 99, 114], "summary": {"covered_lines": 10, "num_statements": 10, "percent_covered": 100.0, "percent_covered_display": "100", "missing_lines": 0, "excluded_lines": 0}, "missing_lines": [], "excluded_lines": []}}, "classes": {"Recomposer": {"executed_lines": [32, 51, 53, 56, 59, 69, 73, 74, 76, 77, 80, 84, 85, 87, 90, 92, 93, 97, 109, 110, 133, 136, 142, 143, 145, 146, 147, 149, 150, 153, 156, 157, 160, 161, 162, 163, 166, 169, 170, 173, 176, 179, 180, 182, 184, 187, 188, 192, 193, 196, 197, 198, 199, 201], "summary": {"covered_lines": 54, "num_statements": 64, "percent_covered": 84.375, "percent_covered_display": "84", "missing_lines": 10, "excluded_lines": 0}, "missing_lines": [54, 60, 61, 62, 63, 65, 70, 94, 112, 189], "excluded_lines": []}, "": {"executed_lines": [1, 8, 10, 12, 13, 14, 17, 18, 25, 34, 99, 114], "summary": {"covered_lines": 10, "num_statements": 10, "percent_covered": 100.0, "percent_covered_display": "100", "missing_lines": 0, "excluded_lines": 0}, "missing_lines": [], "excluded_lines": []}}}, "core/secret_manager.py": {"executed_lines": [1, 3, 4, 5, 6, 7, 10, 11, 13, 21, 22, 23, 24, 29, 30, 32, 33, 34, 35, 38, 39, 51, 53, 67, 68, 71, 72, 73, 74, 75, 81, 83, 85, 86, 93, 103, 104, 106, 107, 108, 111, 112, 114, 115, 116, 119, 120, 121, 123, 125, 127, 128, 132, 142, 152, 153, 155, 165, 168, 171, 172, 177, 187, 189, 213, 214, 219, 221, 224, 225, 226, 227, 228, 231, 232, 233, 234, 238, 239, 240, 241, 242, 245, 247, 267, 268, 269, 272, 278, 279, 280, 283, 284, 286, 287, 289, 299, 302, 303, 304, 309, 322, 323, 324, 326], "summary": {"covered_lines": 101, "num_statements": 127, "percent_covered": 79.5275590551181, "percent_covered_display": "80", "missing_lines": 26, "excluded_lines": 0}, "missing_lines": [76, 78, 87, 88, 89, 91, 133, 135, 136, 140, 166, 173, 175, 235, 273, 274, 275, 285, 305, 306, 310, 314, 315, 316, 317, 318], "excluded_lines": [], "functions": {"SecretNotFoundError.__init__": {"executed_lines": [21, 22, 23, 24], "summary": {"covered_lines": 4, "num_statements": 4, "percent_covered": 100.0, "percent_covered_display": "100", "missing_lines": 0, "excluded_lines": 0}, "missing_lines": [], "excluded_lines": []}, "SecretManager.__init__": {"executed_lines": [67, 68, 71, 72, 73, 74, 75, 81], "summary": {"covered_lines": 8, "num_statements": 10, "percent_covered": 80.0, "percent_covered_display": "80", "missing_lines": 2, "excluded_lines": 0}, "missing_lines": [76, 78], "excluded_lines": []}, "SecretManager._ensure_config_dir": {"executed_lines": [85, 86], "summary": {"covered_lines": 2, "num_statements": 6, "percent_covered": 33.333333333333336, "percent_covered_display": "33", "missing_lines": 4, "excluded_lines": 0}, "missing_lines": [87, 88, 89, 91], "excluded_lines": []}, "SecretManager._load_config": {"executed_lines": [103, 104, 106, 107, 108, 111, 112, 114, 115, 116, 119, 120, 121, 123, 125, 127, 128, 132], "summary": {"covered_lines": 18, "num_statements": 22, "percent_covered": 81.81818181818181, "percent_covered_display": "82", "missing_lines": 4, "excluded_lines": 0}, "missing_lines": [133, 135, 136, 140], "excluded_lines": []}, "SecretManager._get_from_file": {"executed_lines": [152, 153], "summary": {"covered_lines": 2, "num_statements": 2, "percent_covered": 100.0, "percent_covered_display": "100", "missing_lines": 0, "excluded_lines": 0}, "missing_lines": [], "excluded_lines": []}, "SecretManager._get_from_keyring": {"executed_lines": [165, 168, 171, 172], "summary": {"covered_lines": 4, "num_statements": 7, "percent_covered": 57.142857142857146, "percent_covered_display": "57", "missing_lines": 3, "excluded_lines": 0}, "missing_lines": [166, 173, 175], "excluded_lines": []}, "SecretManager._get_from_environment": {"executed_lines": [187], "summary": {"covered_lines": 1, "num_statements": 1, "percent_covered": 100.0, "percent_covered_display": "100", "missing_lines": 0, "excluded_lines": 0}, "missing_lines": [], "excluded_lines": []}, "SecretManager.get_secret": {"executed_lines": [213, 214, 219, 221, 224, 225, 226, 227, 228, 231, 232, 233, 234, 238, 239, 240, 241, 242, 245], "summary": {"covered_lines": 19, "num_statements": 20, "percent_covered": 95.0, "percent_covered_display": "95", "missing_lines": 1, "excluded_lines": 0}, "missing_lines": [235], "excluded_lines": []}, "SecretManager.get_secret_with_source": {"executed_lines": [267, 268, 269, 272, 278, 279, 280, 283, 284, 286, 287], "summary": {"covered_lines": 11, "num_statements": 15, "percent_covered": 73.33333333333333, "percent_covered_display": "73", "missing_lines": 4, "excluded_lines": 0}, "missing_lines": [273, 274, 275, 285], "excluded_lines": []}, "SecretManager.list_available_secrets": {"executed_lines": [299, 302, 303, 304, 309, 322, 323, 324, 326], "summary": {"covered_lines": 9, "num_statements": 17, "percent_covered": 52.94117647058823, "percent_covered_display": "53", "missing_lines": 8, "excluded_lines": 0}, "missing_lines": [305, 306, 310, 314, 315, 316, 317, 318], "excluded_lines": []}, "": {"executed_lines": [1, 3, 4, 5, 6, 7, 10, 11, 13, 29, 30, 32, 33, 34, 35, 38, 39, 51, 53, 83, 93, 142, 155, 177, 189, 247, 289], "summary": {"covered_lines": 23, "num_statements": 23, "percent_covered": 100.0, "percent_covered_display": "100", "missing_lines": 0, "excluded_lines": 0}, "missing_lines": [], "excluded_lines": []}}, "classes": {"SecretNotFoundError": {"executed_lines": [21, 22, 23, 24], "summary": {"covered_lines": 4, "num_statements": 4, "percent_covered": 100.0, "percent_covered_display": "100", "missing_lines": 0, "excluded_lines": 0}, "missing_lines": [], "excluded_lines": []}, "SecretSourceType": {"executed_lines": [], "summary": {"covered_lines": 0, "num_statements": 0, "percent_covered": 100.0, "percent_covered_display": "100", "missing_lines": 0, "excluded_lines": 0}, "missing_lines": [], "excluded_lines": []}, "SecretManager": {"executed_lines": [67, 68, 71, 72, 73, 74, 75, 81, 85, 86, 103, 104, 106, 107, 108, 111, 112, 114, 115, 116, 119, 120, 121, 123, 125, 127, 128, 132, 152, 153, 165, 168, 171, 172, 187, 213, 214, 219, 221, 224, 225, 226, 227, 228, 231, 232, 233, 234, 238, 239, 240, 241, 242, 245, 267, 268, 269, 272, 278, 279, 280, 283, 284, 286, 287, 299, 302, 303, 304, 309, 322, 323, 324, 326], "summary": {"covered_lines": 74, "num_statements": 100, "percent_covered": 74.0, "percent_covered_display": "74", "missing_lines": 26, "excluded_lines": 0}, "missing_lines": [76, 78, 87, 88, 89, 91, 133, 135, 136, 140, 166, 173, 175, 235, 273, 274, 275, 285, 305, 306, 310, 314, 315, 316, 317, 318], "excluded_lines": []}, "": {"executed_lines": [1, 3, 4, 5, 6, 7, 10, 11, 13, 29, 30, 32, 33, 34, 35, 38, 39, 51, 53, 83, 93, 142, 155, 177, 189, 247, 289], "summary": {"covered_lines": 23, "num_statements": 23, "percent_covered": 100.0, "percent_covered_display": "100", "missing_lines": 0, "excluded_lines": 0}, "missing_lines": [], "excluded_lines": []}}}, "core/skill_composer.py": {"executed_lines": [1, 14, 15, 17, 18, 19, 22, 23, 39, 49, 50, 52, 53, 54, 55, 56, 57, 59, 61, 96, 97, 99, 100, 102, 103, 106, 109, 115, 116, 119, 121, 122, 123, 127, 129, 130, 140, 150, 151, 152, 155, 163, 165, 168, 170, 186, 188, 189, 191, 192, 194, 196, 198, 212, 214, 215, 218, 219, 220, 222, 238, 239, 241, 242, 244, 247, 248, 251, 252, 253, 255, 258, 260, 262, 292, 293, 294, 296, 297, 299, 300, 303, 306, 314, 322, 332, 333, 334, 335, 336, 338, 351, 353, 412, 424, 427, 430, 433, 436, 439, 441, 443, 469, 470, 473, 474, 475, 478, 480, 486, 490, 493, 512, 513, 514, 517, 518, 523, 525, 527, 539, 544, 599, 614, 630, 643, 645, 646, 648, 649, 651, 652, 655, 656, 657, 658, 660, 662, 690, 691, 694, 695, 696, 698, 699, 700, 705, 706, 707, 712, 713, 714, 719, 720, 726], "summary": {"covered_lines": 153, "num_statements": 213, "percent_covered": 71.83098591549296, "percent_covered_display": "72", "missing_lines": 60, "excluded_lines": 0}, "missing_lines": [110, 111, 135, 166, 381, 382, 384, 385, 388, 391, 394, 397, 405, 406, 407, 408, 410, 482, 519, 520, 554, 555, 556, 559, 560, 563, 564, 565, 567, 569, 570, 571, 574, 575, 576, 577, 578, 579, 582, 583, 585, 588, 589, 590, 591, 592, 593, 595, 596, 597, 612, 628, 701, 702, 708, 709, 715, 716, 727, 728], "excluded_lines": [], "functions": {"SkillComposer.__init__": {"executed_lines": [49, 50, 52, 53, 54, 55, 56, 57, 59], "summary": {"covered_lines": 9, "num_statements": 9, "percent_covered": 100.0, "percent_covered_display": "100", "missing_lines": 0, "excluded_lines": 0}, "missing_lines": [], "excluded_lines": []}, "SkillComposer.compose_from_sections": {"executed_lines": [96, 97, 99, 100, 102, 103, 106, 109, 115, 116, 119, 121, 122, 123, 127, 129, 130, 140, 150, 151, 152, 155, 163, 165, 168], "summary": {"covered_lines": 25, "num_statements": 29, "percent_covered": 86.20689655172414, "percent_covered_display": "86", "missing_lines": 4, "excluded_lines": 0}, "missing_lines": [110, 111, 135, 166], "excluded_lines": []}, "SkillComposer._retrieve_sections": {"executed_lines": [186, 188, 189, 191, 192, 194, 196], "summary": {"covered_lines": 7, "num_statements": 7, "percent_covered": 100.0, "percent_covered_display": "100", "missing_lines": 0, "excluded_lines": 0}, "missing_lines": [], "excluded_lines": []}, "SkillComposer._detect_original_type": {"executed_lines": [212, 214, 215, 218, 219, 220], "summary": {"covered_lines": 6, "num_statements": 6, "percent_covered": 100.0, "percent_covered_display": "100", "missing_lines": 0, "excluded_lines": 0}, "missing_lines": [], "excluded_lines": []}, "SkillComposer._rebuild_hierarchy": {"executed_lines": [238, 239, 241, 242, 244, 247, 248, 251, 252, 253, 255, 258, 260], "summary": {"covered_lines": 13, "num_statements": 13, "percent_covered": 100.0, "percent_covered_display": "100", "missing_lines": 0, "excluded_lines": 0}, "missing_lines": [], "excluded_lines": []}, "SkillComposer._generate_frontmatter": {"executed_lines": [292, 293, 294, 296, 297, 299, 300, 303, 306, 314], "summary": {"covered_lines": 10, "num_statements": 10, "percent_covered": 100.0, "percent_covered_display": "100", "missing_lines": 0, "excluded_lines": 0}, "missing_lines": [], "excluded_lines": []}, "SkillComposer._count_total_sections": {"executed_lines": [332, 333, 334, 335, 336], "summary": {"covered_lines": 5, "num_statements": 5, "percent_covered": 100.0, "percent_covered_display": "100", "missing_lines": 0, "excluded_lines": 0}, "missing_lines": [], "excluded_lines": []}, "SkillComposer._get_section_ids": {"executed_lines": [351], "summary": {"covered_lines": 1, "num_statements": 1, "percent_covered": 100.0, "percent_covered_display": "100", "missing_lines": 0, "excluded_lines": 0}, "missing_lines": [], "excluded_lines": []}, "SkillComposer._generate_basic_frontmatter": {"executed_lines": [], "summary": {"covered_lines": 0, "num_statements": 13, "percent_covered": 0.0, "percent_covered_display": "0", "missing_lines": 13, "excluded_lines": 0}, "missing_lines": [381, 382, 384, 385, 388, 391, 394, 397, 405, 406, 407, 408, 410], "excluded_lines": []}, "SkillComposer._slugify": {"executed_lines": [424, 427, 430, 433, 436, 439, 441], "summary": {"covered_lines": 7, "num_statements": 7, "percent_covered": 100.0, "percent_covered_display": "100", "missing_lines": 0, "excluded_lines": 0}, "missing_lines": [], "excluded_lines": []}, "SkillComposer.write_to_filesystem": {"executed_lines": [469, 470, 473, 474, 475, 478, 480, 486, 490, 493, 512, 513, 514, 517, 518, 523, 525], "summary": {"covered_lines": 17, "num_statements": 20, "percent_covered": 85.0, "percent_covered_display": "85", "missing_lines": 3, "excluded_lines": 0}, "missing_lines": [482, 519, 520], "excluded_lines": []}, "SkillComposer._is_multifile_component": {"executed_lines": [539], "summary": {"covered_lines": 1, "num_statements": 1, "percent_covered": 100.0, "percent_covered_display": "100", "missing_lines": 0, "excluded_lines": 0}, "missing_lines": [], "excluded_lines": []}, "SkillComposer._write_multifile_component": {"executed_lines": [], "summary": {"covered_lines": 0, "num_statements": 30, "percent_covered": 0.0, "percent_covered_display": "0", "missing_lines": 30, "excluded_lines": 0}, "missing_lines": [554, 555, 556, 559, 560, 563, 564, 565, 567, 569, 570, 571, 574, 575, 576, 577, 578, 579, 582, 583, 585, 588, 589, 590, 591, 592, 593, 595, 596, 597], "excluded_lines": []}, "SkillComposer._extract_plugin_content": {"executed_lines": [], "summary": {"covered_lines": 0, "num_statements": 1, "percent_covered": 0.0, "percent_covered_display": "0", "missing_lines": 1, "excluded_lines": 0}, "missing_lines": [612], "excluded_lines": []}, "SkillComposer._extract_script_content": {"executed_lines": [], "summary": {"covered_lines": 0, "num_statements": 1, "percent_covered": 0.0, "percent_covered_display": "0", "missing_lines": 1, "excluded_lines": 0}, "missing_lines": [628], "excluded_lines": []}, "SkillComposer._build_sections_content": {"executed_lines": [643, 645, 646, 648, 649, 651, 652, 655, 656, 657, 658, 660], "summary": {"covered_lines": 12, "num_statements": 12, "percent_covered": 100.0, "percent_covered_display": "100", "missing_lines": 0, "excluded_lines": 0}, "missing_lines": [], "excluded_lines": []}, "SkillComposer.upload_to_supabase": {"executed_lines": [690, 691, 694, 695, 696, 698, 699, 700, 705, 706, 707, 712, 713, 714, 719, 720, 726], "summary": {"covered_lines": 17, "num_statements": 25, "percent_covered": 68.0, "percent_covered_display": "68", "missing_lines": 8, "excluded_lines": 0}, "missing_lines": [701, 702, 708, 709, 715, 716, 727, 728], "excluded_lines": []}, "": {"executed_lines": [1, 14, 15, 17, 18, 19, 22, 23, 39, 61, 170, 198, 222, 262, 322, 338, 353, 412, 443, 527, 544, 599, 614, 630, 662], "summary": {"covered_lines": 23, "num_statements": 23, "percent_covered": 100.0, "percent_covered_display": "100", "missing_lines": 0, "excluded_lines": 0}, "missing_lines": [], "excluded_lines": []}}, "classes": {"SkillComposer": {"executed_lines": [49, 50, 52, 53, 54, 55, 56, 57, 59, 96, 97, 99, 100, 102, 103, 106, 109, 115, 116, 119, 121, 122, 123, 127, 129, 130, 140, 150, 151, 152, 155, 163, 165, 168, 186, 188, 189, 191, 192, 194, 196, 212, 214, 215, 218, 219, 220, 238, 239, 241, 242, 244, 247, 248, 251, 252, 253, 255, 258, 260, 292, 293, 294, 296, 297, 299, 300, 303, 306, 314, 332, 333, 334, 335, 336, 351, 424, 427, 430, 433, 436, 439, 441, 469, 470, 473, 474, 475, 478, 480, 486, 490, 493, 512, 513, 514, 517, 518, 523, 525, 539, 643, 645, 646, 648, 649, 651, 652, 655, 656, 657, 658, 660, 690, 691, 694, 695, 696, 698, 699, 700, 705, 706, 707, 712, 713, 714, 719, 720, 726], "summary": {"covered_lines": 130, "num_statements": 190, "percent_covered": 68.42105263157895, "percent_covered_display": "68", "missing_lines": 60, "excluded_lines": 0}, "missing_lines": [110, 111, 135, 166, 381, 382, 384, 385, 388, 391, 394, 397, 405, 406, 407, 408, 410, 482, 519, 520, 554, 555, 556, 559, 560, 563, 564, 565, 567, 569, 570, 571, 574, 575, 576, 577, 578, 579, 582, 583, 585, 588, 589, 590, 591, 592, 593, 595, 596, 597, 612, 628, 701, 702, 708, 709, 715
[...]
_lines": 2, "num_statements": 2, "percent_covered": 100.0, "percent_covered_display": "100", "missing_lines": 0, "excluded_lines": 0}, "missing_lines": [], "excluded_lines": []}, "SkillValidator.validate_document": {"executed_lines": [46, 47, 50, 51, 54, 55, 58, 59, 62, 64, 65], "summary": {"covered_lines": 11, "num_statements": 11, "percent_covered": 100.0, "percent_covered_display": "100", "missing_lines": 0, "excluded_lines": 0}, "missing_lines": [], "excluded_lines": []}, "SkillValidator.validate_structure": {"executed_lines": [83, 85, 86, 87, 90, 93, 95, 96, 97, 98, 99, 101, 102, 105, 106, 108, 110, 114, 115, 120, 123, 124, 125, 126, 127, 132], "summary": {"covered_lines": 26, "num_statements": 27, "percent_covered": 96.29629629629629, "percent_covered_display": "96", "missing_lines": 1, "excluded_lines": 0}, "missing_lines": [111], "excluded_lines": []}, "SkillValidator.validate_content": {"executed_lines": [150, 152, 154, 156, 157, 159, 164, 165, 170, 171, 172, 178, 179, 180, 181, 182, 184, 185, 189], "summary": {"covered_lines": 19, "num_statements": 19, "percent_covered": 100.0, "percent_covered_display": "100", "missing_lines": 0, "excluded_lines": 0}, "missing_lines": [], "excluded_lines": []}, "SkillValidator.validate_metadata": {"executed_lines": [208, 211, 212, 213, 216, 217, 218, 219, 222, 223, 224, 227, 228, 229, 230, 231, 235, 236, 237, 238, 243], "summary": {"covered_lines": 21, "num_statements": 25, "percent_covered": 84.0, "percent_covered_display": "84", "missing_lines": 4, "excluded_lines": 0}, "missing_lines": [220, 221, 232, 239], "excluded_lines": []}, "SkillValidator._check_warnings": {"executed_lines": [252, 255, 256, 257, 263, 264, 269, 270, 271, 272, 273, 274, 275, 276], "summary": {"covered_lines": 14, "num_statements": 16, "percent_covered": 87.5, "percent_covered_display": "88", "missing_lines": 2, "excluded_lines": 0}, "missing_lines": [277, 278], "excluded_lines": []}, "SkillValidator._flatten_sections": {"executed_lines": [290, 291, 292, 293, 294], "summary": {"covered_lines": 5, "num_statements": 5, "percent_covered": 100.0, "percent_covered_display": "100", "missing_lines": 0, "excluded_lines": 0}, "missing_lines": [], "excluded_lines": []}, "validate_skill": {"executed_lines": [307, 308], "summary": {"covered_lines": 2, "num_statements": 2, "percent_covered": 100.0, "percent_covered_display": "100", "missing_lines": 0, "excluded_lines": 0}, "missing_lines": [], "excluded_lines": []}, "": {"executed_lines": [1, 14, 16, 17, 18, 21, 22, 31, 36, 67, 134, 191, 245, 280, 297], "summary": {"covered_lines": 13, "num_statements": 13, "percent_covered": 100.0, "percent_covered_display": "100", "missing_lines": 0, "excluded_lines": 0}, "missing_lines": [], "excluded_lines": []}}, "classes": {"SkillValidator": {"executed_lines": [33, 34, 46, 47, 50, 51, 54, 55, 58, 59, 62, 64, 65, 83, 85, 86, 87, 90, 93, 95, 96, 97, 98, 99, 101, 102, 105, 106, 108, 110, 114, 115, 120, 123, 124, 125, 126, 127, 132, 150, 152, 154, 156, 157, 159, 164, 165, 170, 171, 172, 178, 179, 180, 181, 182, 184, 185, 189, 208, 211, 212, 213, 216, 217, 218, 219, 222, 223, 224, 227, 228, 229, 230, 231, 235, 236, 237, 238, 243, 252, 255, 256, 257, 263, 264, 269, 270, 271, 272, 273, 274, 275, 276, 290, 291, 292, 293, 294], "summary": {"covered_lines": 98, "num_statements": 105, "percent_covered": 93.33333333333333, "percent_covered_display": "93", "missing_lines": 7, "excluded_lines": 0}, "missing_lines": [111, 220, 221, 232, 239, 277, 278], "excluded_lines": []}, "": {"executed_lines": [1, 14, 16, 17, 18, 21, 22, 31, 36, 67, 134, 191, 245, 280, 297, 307, 308], "summary": {"covered_lines": 15, "num_statements": 15, "percent_covered": 100.0, "percent_covered_display": "100", "missing_lines": 0, "excluded_lines": 0}, "missing_lines": [], "excluded_lines": []}}}, "core/supabase_store.py": {"executed_lines": [1, 2, 3, 4, 5, 9, 12, 15, 18, 19, 20, 21, 26, 27, 29, 54, 58, 60, 61, 62, 65, 67, 68, 69, 71, 72, 73, 74, 76, 77, 79, 81, 82, 83, 84, 86, 87, 88, 89, 90, 103, 104, 105, 108, 110, 111, 112, 114, 115, 116, 117, 119, 120, 122, 124, 125, 126, 127, 129, 130, 131, 132, 145, 146, 147, 150, 151, 156, 163, 165, 175, 181, 182, 196, 197, 200, 201, 203, 213, 218, 234, 236, 252, 260, 263, 264, 267, 274, 276, 292, 303, 306, 307, 309, 311, 322, 324, 327, 329, 346, 360, 364, 371, 372, 373, 375, 388, 389, 390, 400, 403, 404, 405, 406, 408, 410, 413, 414, 415, 417, 419, 434, 443, 445, 452, 454, 459, 469, 471, 472, 474, 475, 477, 494, 508, 540, 601, 648, 658, 765, 831, 849], "summary": {"covered_lines": 140, "num_statements": 296, "percent_covered": 47.2972972972973, "percent_covered_display": "47", "missing_lines": 156, "excluded_lines": 3}, "missing_lines": [22, 23, 55, 78, 91, 93, 94, 95, 96, 98, 99, 100, 121, 133, 135, 136, 137, 138, 140, 141, 142, 157, 198, 238, 241, 244, 268, 269, 270, 272, 325, 339, 341, 342, 344, 356, 357, 358, 487, 489, 490, 492, 505, 506, 519, 524, 525, 527, 528, 538, 557, 561, 562, 564, 565, 566, 570, 572, 578, 583, 585, 586, 588, 589, 599, 618, 624, 627, 628, 630, 632, 633, 634, 644, 646, 655, 656, 672, 673, 674, 676, 679, 680, 681, 684, 685, 686, 687, 688, 690, 693, 695, 696, 697, 698, 699, 700, 702, 705, 707, 708, 711, 712, 713, 714, 716, 717, 720, 724, 725, 730, 731, 734, 735, 736, 739, 740, 742, 744, 750, 751, 752, 759, 761, 763, 783, 784, 785, 787, 788, 791, 795, 796, 798, 799, 802, 803, 804, 807, 810, 816, 817, 818, 819, 824, 827, 829, 841, 842, 845, 846, 847, 857, 858, 863, 864], "excluded_lines": [6, 7, 8], "functions": {"_ensure_secret_manager_imports": {"executed_lines": [18, 19, 20, 21], "summary": {"covered_lines": 4, "num_statements": 6, "percent_covered": 66.66666666666667, "percent_covered_display": "67", "missing_lines": 2, "excluded_lines": 0}, "missing_lines": [22, 23], "excluded_lines": []}, "SupabaseStore.__init__": {"executed_lines": [54, 58, 60, 61, 62, 65, 67, 68, 69, 71, 72, 73, 74, 76, 77, 79, 81, 82, 83, 84, 86, 87, 88, 89, 90, 103, 104, 105, 108, 110, 111, 112, 114, 115, 116, 117, 119, 120, 122, 124, 125, 126, 127, 129, 130, 131, 132, 145, 146, 147, 150, 151, 156, 163], "summary": {"covered_lines": 54, "num_statements": 74, "percent_covered": 72.97297297297297, "percent_covered_display": "73", "missing_lines": 20, "excluded_lines": 0}, "missing_lines": [55, 78, 91, 93, 94, 95, 96, 98, 99, 100, 121, 133, 135, 136, 137, 138, 140, 141, 142, 157], "excluded_lines": []}, "SupabaseStore._get_supabase_key_from_env": {"executed_lines": [175], "summary": {"covered_lines": 1, "num_statements": 1, "percent_covered": 100.0, "percent_covered_display": "100", "missing_lines": 0, "excluded_lines": 0}, "missing_lines": [], "excluded_lines": []}, "SupabaseStore.from_config": {"executed_lines": [196, 197, 200, 201], "summary": {"covered_lines": 4, "num_statements": 5, "percent_covered": 80.0, "percent_covered_display": "80", "missing_lines": 1, "excluded_lines": 0}, "missing_lines": [198], "excluded_lines": []}, "SupabaseStore.get_credential_source": {"executed_lines": [213], "summary": {"covered_lines": 1, "num_statements": 1, "percent_covered": 100.0, "percent_covered_display": "100", "missing_lines": 0, "excluded_lines": 0}, "missing_lines": [], "excluded_lines": []}, "SupabaseStore.store_file": {"executed_lines": [234, 236, 252, 260, 263, 264, 267, 274], "summary": {"covered_lines": 8, "num_statements": 15, "percent_covered": 53.333333333333336, "percent_covered_display": "53", "missing_lines": 7, "excluded_lines": 0}, "missing_lines": [238, 241, 244, 268, 269, 270, 272], "excluded_lines": []}, "SupabaseStore._store_section_recursive": {"executed_lines": [292, 303, 306, 307, 309], "summary": {"covered_lines": 5, "num_statements": 5, "percent_covered": 100.0, "percent_covered_display": "100", "missing_lines": 0, "excluded_lines": 0}, "missing_lines": [], "excluded_lines": []}, "SupabaseStore.get_file": {"executed_lines": [322, 324, 327], "summary": {"covered_lines": 3, "num_statements": 4, "percent_covered": 75.0, "percent_covered_display": "75", "missing_lines": 1, "excluded_lines": 0}, "missing_lines": [325], "excluded_lines": []}, "SupabaseStore.get_file_by_path": {"executed_lines": [], "summary": {"covered_lines": 0, "num_statements": 4, "percent_covered": 0.0, "percent_covered_display": "0", "missing_lines": 4, "excluded_lines": 0}, "missing_lines": [339, 341, 342, 344], "excluded_lines": []}, "SupabaseStore.list_files_by_prefix": {"executed_lines": [], "summary": {"covered_lines": 0, "num_statements": 3, "percent_covered": 0.0, "percent_covered_display": "0", "missing_lines": 3, "excluded_lines": 0}, "missing_lines": [356, 357, 358], "excluded_lines": []}, "SupabaseStore._build_file_from_row": {"executed_lines": [364, 371, 372, 373], "summary": {"covered_lines": 4, "num_statements": 4, "percent_covered": 100.0, "percent_covered_display": "100", "missing_lines": 0, "excluded_lines": 0}, "missing_lines": [], "excluded_lines": []}, "SupabaseStore._build_section_tree": {"executed_lines": [388, 389, 390, 400, 403, 404, 405, 406, 408, 410, 413, 414, 415, 417], "summary": {"covered_lines": 14, "num_statements": 14, "percent_covered": 100.0, "percent_covered_display": "100", "missing_lines": 0, "excluded_lines": 0}, "missing_lines": [], "excluded_lines": []}, "SupabaseStore.checkout_file": {"executed_lines": [434, 443], "summary": {"covered_lines": 2, "num_statements": 2, "percent_covered": 100.0, "percent_covered_display": "100", "missing_lines": 0, "excluded_lines": 0}, "missing_lines": [], "excluded_lines": []}, "SupabaseStore.checkin_file": {"executed_lines": [452, 454], "summary": {"covered_lines": 2, "num_statements": 2, "percent_covered": 100.0, "percent_covered_display": "100", "missing_lines": 0, "excluded_lines": 0}, "missing_lines": [], "excluded_lines": []}, "SupabaseStore.get_active_checkouts": {"executed_lines": [469, 471, 472, 474, 475], "summary": {"covered_lines": 5, "num_statements": 5, "percent_covered": 100.0, "percent_covered_display": "100", "missing_lines": 0, "excluded_lines": 0}, "missing_lines": [], "excluded_lines": []}, "SupabaseStore.get_checkout_info": {"executed_lines": [], "summary": {"covered_lines": 0, "num_statements": 4, "percent_covered": 0.0, "percent_covered_display": "0", "missing_lines": 4, "excluded_lines": 0}, "missing_lines": [487, 489, 490, 492], "excluded_lines": []}, "SupabaseStore.search_files": {"executed_lines": [], "summary": {"covered_lines": 0, "num_statements": 2, "percent_covered": 0.0, "percent_covered_display": "0", "missing_lines": 2, "excluded_lines": 0}, "missing_lines": [505, 506], "excluded_lines": []}, "SupabaseStore.get_section": {"executed_lines": [], "summary": {"covered_lines": 0, "num_statements": 6, "percent_covered": 0.0, "percent_covered_display": "0", "missing_lines": 6, "excluded_lines": 0}, "missing_lines": [519, 524, 525, 527, 528, 538], "excluded_lines": []}, "SupabaseStore.get_next_section": {"executed_lines": [], "summary": {"covered_lines": 0, "num_statements": 15, "percent_covered": 0.0, "percent_covered_display": "0", "missing_lines": 15, "excluded_lines": 0}, "missing_lines": [557, 561, 562, 564, 565, 566, 570, 572, 578, 583, 585, 586, 588, 589, 599], "excluded_lines": []}, "SupabaseStore.search_sections": {"executed_lines": [], "summary": {"covered_lines": 0, "num_statements": 10, "percent_covered": 0.0, "percent_covered_display": "0", "missing_lines": 10, "excluded_lines": 0}, "missing_lines": [618, 624, 627, 628, 630, 632, 633, 634, 644, 646], "excluded_lines": []}, "SupabaseStore.get_all_files": {"executed_lines": [], "summary": {"covered_lines": 0, "num_statements": 2, "percent_covered": 0.0, "percent_covered_display": "0", "missing_lines": 2, "excluded_lines": 0}, "missing_lines": [655, 656], "excluded_lines": []}, "SupabaseStore._generate_section_embeddings": {"executed_lines": [], "summary": {"covered_lines": 0, "num_statements": 40, "percent_covered": 0.0, "percent_covered_display": "0", "missing_lines": 40, "excluded_lines": 0}, "missing_lines": [672, 673, 674, 676, 679, 680, 681, 684, 685, 686, 687, 688, 690, 693, 702, 705, 707, 708, 711, 712, 713, 714, 716, 717, 720, 724, 725, 730, 731, 734, 739, 740, 742, 744, 750, 751, 752, 759, 761, 763], "excluded_lines": []}, "SupabaseStore._generate_section_embeddings.flatten_sections": {"executed_lines": [], "summary": {"covered_lines": 0, "num_statements": 6, "percent_covered": 0.0, "percent_covered_display": "0", "missing_lines": 6, "excluded_lines": 0}, "missing_lines": [695, 696, 697, 698, 699, 700], "excluded_lines": []}, "SupabaseStore._generate_section_embeddings.progress_callback": {"executed_lines": [], "summary": {"covered_lines": 0, "num_statements": 2, "percent_covered": 0.0, "percent_covered_display": "0", "missing_lines": 2, "excluded_lines": 0}, "missing_lines": [735, 736], "excluded_lines": []}, "SupabaseStore.batch_generate_embeddings": {"executed_lines": [], "summary": {"covered_lines": 0, "num_statements": 20, "percent_covered": 0.0, "percent_covered_display": "0", "missing_lines": 20, "excluded_lines": 0}, "missing_lines": [783, 784, 785, 787, 788, 791, 795, 796, 798, 799, 802, 807, 810, 816, 817, 818, 819, 824, 827, 829], "excluded_lines": []}, "SupabaseStore.batch_generate_embeddings.progress_callback": {"executed_lines": [], "summary": {"covered_lines": 0, "num_statements": 2, "percent_covered": 0.0, "percent_covered_display": "0", "missing_lines": 2, "excluded_lines": 0}, "missing_lines": [803, 804], "excluded_lines": []}, "SupabaseStore._has_embedding": {"executed_lines": [], "summary": {"covered_lines": 0, "num_statements": 5, "percent_covered": 0.0, "percent_covered_display": "0", "missing_lines": 5, "excluded_lines": 0}, "missing_lines": [841, 842, 845, 846, 847], "excluded_lines": []}, "SupabaseStore._store_embedding": {"executed_lines": [], "summary": {"covered_lines": 0, "num_statements": 4, "percent_covered": 0.0, "percent_covered_display": "0", "missing_lines": 4, "excluded_lines": 0}, "missing_lines": [857, 858, 863, 864], "excluded_lines": []}, "": {"executed_lines": [1, 2, 3, 4, 5, 9, 12, 15, 26, 27, 29, 165, 181, 182, 203, 218, 276, 311, 329, 346, 360, 375, 419, 445, 459, 477, 494, 508, 540, 601, 648, 658, 765, 831, 849], "summary": {"covered_lines": 33, "num_statements": 33, "percent_covered": 100.0, "percent_covered_display": "100", "missing_lines": 0, "excluded_lines": 3}, "missing_lines": [], "excluded_lines": [6, 7, 8]}}, "classes": {"SupabaseStore": {"executed_lines": [54, 58, 60, 61, 62, 65, 67, 68, 69, 71, 72, 73, 74, 76, 77, 79, 81, 82, 83, 84, 86, 87, 88, 89, 90, 103, 104, 105, 108, 110, 111, 112, 114, 115, 116, 117, 119, 120, 122, 124, 125, 126, 127, 129, 130, 131, 132, 145, 146, 147, 150, 151, 156, 163, 175, 196, 197, 200, 201, 213, 234, 236, 252, 260, 263, 264, 267, 274, 292, 303, 306, 307, 309, 322, 324, 327, 364, 371, 372, 373, 388, 389, 390, 400, 403, 404, 405, 406, 408, 410, 413, 414, 415, 417, 434, 443, 452, 454, 469, 471, 472, 474, 475], "summary": {"covered_lines": 103, "num_statements": 257, "percent_covered": 40.07782101167315, "percent_covered_display": "40", "missing_lines": 154, "excluded_lines": 0}, "missing_lines": [55, 78, 91, 93, 94, 95, 96, 98, 99, 100, 121, 133, 135, 136, 137, 138, 140, 141, 142, 157, 198, 238, 241, 244, 268, 269, 270, 272, 325, 339, 341, 342, 344, 356, 357, 358, 487, 489, 490, 492, 505, 506, 519, 524, 525, 527, 528, 538, 557, 561, 562, 564, 565, 566, 570, 572, 578, 583, 585, 586, 588, 589, 599, 618, 624, 627, 628, 630, 632, 633, 634, 644, 646, 655, 656, 672, 673, 674, 676, 679, 680, 681, 684, 685, 686, 687, 688, 690, 693, 695, 696, 697, 698, 699, 700, 702, 705, 707, 708, 711, 712, 713, 714, 716, 717, 720, 724, 725, 730, 731, 734, 735, 736, 739, 740, 742, 744, 750, 751, 752, 759, 761, 763, 783, 784, 785, 787, 788, 791, 795, 796, 798, 799, 802, 803, 804, 807, 810, 816, 817, 818, 819, 824, 827, 829, 841, 842, 845, 846, 847, 857, 858, 863, 864], "excluded_lines": []}, "": {"executed_lines": [1, 2, 3, 4, 5, 9, 12, 15, 18, 19, 20, 21, 26, 27, 29, 165, 181, 182, 203, 218, 276, 311, 329, 346, 360, 375, 419, 445, 459, 477, 494, 508, 540, 601, 648, 658, 765, 831, 849], "summary": {"covered_lines": 37, "num_statements": 39, "percent_covered": 94.87179487179488, "percent_covered_display": "95", "missing_lines": 2, "excluded_lines": 3}, "missing_lines": [22, 23], "excluded_lines": [6, 7, 8]}}}, "core/validator.py": {"executed_lines": [1, 8, 10, 11, 13, 14, 15, 16, 19, 20, 30, 41, 114, 128, 179, 198], "summary": {"covered_lines": 14, "num_statements": 76, "percent_covered": 18.42105263157895, "percent_covered_display": "18", "missing_lines": 62, "excluded_lines": 0}, "missing_lines": [38, 39, 62, 63, 66, 67, 68, 69, 70, 72, 75, 76, 77, 78, 79, 82, 83, 84, 85, 86, 89, 90, 93, 94, 96, 99, 100, 103, 107, 110, 112, 124, 126, 145, 147, 148, 149, 151, 152, 153, 156, 157, 159, 160, 166, 169, 170, 174, 176, 177, 191, 193, 194, 196, 210, 217, 218, 219, 221, 223, 224, 226], "excluded_lines": [], "functions": {"Validator.__init__": {"executed_lines": [], "summary": {"covered_lines": 0, "num_statements": 2, "percent_covered": 0.0, "percent_covered_display": "0", "missing_lines": 2, "excluded_lines": 0}, "missing_lines": [38, 39], "excluded_lines": []}, "Validator.validate_round_trip": {"executed_lines": [], "summary": {"covered_lines": 0, "num_statements": 29, "percent_covered": 0.0, "percent_covered_display": "0", "missing_lines": 29, "excluded_lines": 0}, "missing_lines": [62, 63, 66, 67, 68, 69, 70, 72, 75, 76, 77, 78, 79, 82, 83, 84, 85, 86, 89, 90, 93, 94, 96, 99, 100, 103, 107, 110, 112], "excluded_lines": []}, "Validator._compute_content_hash": {"executed_lines": [], "summary": {"covered_lines": 0, "num_statements": 2, "percent_covered": 0.0, "percent_covered_display": "0", "missing_lines": 2, "excluded_lines": 0}, "missing_lines": [124, 126], "excluded_lines": []}, "Validator._add_diagnostics": {"executed_lines": [], "summary": {"covered_lines": 0, "num_statements": 17, "percent_covered": 0.0, "percent_covered_display": "0", "missing_lines": 17, "excluded_lines": 0}, "missing_lines": [145, 147, 148, 149, 151, 152, 153, 156, 157, 159, 160, 166, 169, 170, 174, 176, 177], "excluded_lines": []}, "Validator.validate_all_files": {"executed_lines": [], "summary": {"covered_lines": 0, "num_statements": 4, "percent_covered": 0.0, "percent_covered_display": "0", "missing_lines": 4, "excluded_lines": 0}, "missing_lines": [191, 193, 194, 196], "excluded_lines": []}, "Validator.get_validation_summary": {"executed_lines": [], "summary": {"covered_lines": 0, "num_statements": 8, "percent_covered": 0.0, "percent_covered_display": "0", "missing_lines": 8, "excluded_lines": 0}, "missing_lines": [210, 217, 218, 219, 221, 223, 224, 226], "excluded_lines": []}, "": {"executed_lines": [1, 8, 10, 11, 13, 14, 15, 16, 19, 20, 30, 41, 114, 128, 179, 198], "summary": {"covered_lines": 14, "num_statements": 14, "percent_covered": 100.0, "percent_covered_display": "100", "missing_lines": 0, "excluded_lines": 0}, "missing_lines": [], "excluded_lines": []}}, "classes": {"Validator": {"executed_lines": [], "summary": {"covered_lines": 0, "num_statements": 62, "percent_covered": 0.0, "percent_covered_display": "0", "missing_lines": 62, "excluded_lines": 0}, "missing_lines": [38, 39, 62, 63, 66, 67, 68, 69, 70, 72, 75, 76, 77, 78, 79, 82, 83, 84, 85, 86, 89, 90, 93, 94, 96, 99, 100, 103, 107, 110, 112, 124, 126, 145, 147, 148, 149, 151, 152, 153, 156, 157, 159, 160, 166, 169, 170, 174, 176, 177, 191, 193, 194, 196, 210, 217, 218, 219, 221, 223, 224, 226], "excluded_lines": []}, "": {"executed_lines": [1, 8, 10, 11, 13, 14, 15, 16, 19, 20, 30, 41, 114, 128, 179, 198], "summary": {"covered_lines": 14, "num_statements": 14, "percent_covered": 100.0, "percent_covered_display": "100", "missing_lines": 0, "excluded_lines": 0}, "missing_lines": [], "excluded_lines": []}}}}, "totals": {"covered_lines": 1773, "num_statements": 2316, "percent_covered": 76.55440414507773, "percent_covered_display": "77", "missing_lines": 543, "excluded_lines": 6}}